#
# There is insufficient memory for the Java Runtime Environment to continue.
# Native memory allocation (mmap) failed to map 148373504 bytes for committing reserved memory.
# Possible reasons:
#   The system is out of physical RAM or swap space
#   In 32 bit mode, the process size limit was hit
# Possible solutions:
#   Reduce memory load on the system
#   Increase physical memory or swap space
#   Check if swap backing store is full
#   Use 64 bit Java on a 64 bit OS
#   Decrease Java heap size (-Xmx/-Xms)
#   Decrease number of Java threads
#   Decrease Java thread stack sizes (-Xss)
#   Set larger code cache with -XX:ReservedCodeCacheSize=
# This output file may be truncated or incomplete.
#
#  Out of Memory Error (os_linux.cpp:2627), pid=12066, tid=0x00007f59ec1af700
#
# JRE version: Java(TM) SE Runtime Environment (8.0_121-b13) (build 1.8.0_121-b13)
# Java VM: Java HotSpot(TM) 64-Bit Server VM (25.121-b13 mixed mode linux-amd64 compressed oops)
# Failed to write core dump. Core dumps have been disabled. To enable core dumping, try "ulimit -c unlimited" before starting Java again
#

---------------  T H R E A D  ---------------

Current thread (0x00007f5a04078000):  VMThread [stack: 0x00007f59ec0af000,0x00007f59ec1b0000] [id=12076]

Stack: [0x00007f59ec0af000,0x00007f59ec1b0000],  sp=0x00007f59ec1adfe0,  free space=1019k
Native frames: (J=compiled Java code, j=interpreted, Vv=VM code, C=native code)
V  [libjvm.so+0xac703a]  VMError::report_and_die()+0x2ba
V  [libjvm.so+0x4fc7eb]  report_vm_out_of_memory(char const*, int, unsigned long, VMErrorType, char const*)+0x8b
V  [libjvm.so+0x923c43]  os::Linux::commit_memory_impl(char*, unsigned long, bool)+0x103
V  [libjvm.so+0x924199]  os::pd_commit_memory(char*, unsigned long, unsigned long, bool)+0x29
V  [libjvm.so+0x91e4aa]  os::commit_memory(char*, unsigned long, unsigned long, bool)+0x2a
V  [libjvm.so+0x992f03]  PSVirtualSpace::expand_by(unsigned long)+0x53
V  [libjvm.so+0x994308]  PSYoungGen::resize_generation(unsigned long, unsigned long)+0xf8
V  [libjvm.so+0x993462]  PSYoungGen::resize(unsigned long, unsigned long)+0x22
V  [libjvm.so+0x99073b]  PSScavenge::invoke_no_policy()+0xf3b
V  [libjvm.so+0x990ec1]  PSScavenge::invoke()+0x41
V  [libjvm.so+0x947c10]  ParallelScavengeHeap::failed_mem_allocate(unsigned long)+0x70
V  [libjvm.so+0xac8a57]  VM_ParallelGCFailedAllocation::doit()+0x97
V  [libjvm.so+0xad0535]  VM_Operation::evaluate()+0x55
V  [libjvm.so+0xace90a]  VMThread::evaluate_operation(VM_Operation*)+0xba
V  [libjvm.so+0xacec8e]  VMThread::loop()+0x1ce
V  [libjvm.so+0xacf100]  VMThread::run()+0x70
V  [libjvm.so+0x926268]  java_start(Thread*)+0x108

VM_Operation (0x00007f59e6e10e10): ParallelGCFailedAllocation, mode: safepoint, requested by thread 0x00007f5a041d3000


---------------  P R O C E S S  ---------------

Java Threads: ( => current thread )
  0x00007f5a041d5000 JavaThread "pool-2-thread-4" [_thread_blocked, id=12089, stack(0x00007f59e6c11000,0x00007f59e6d12000)]
  0x00007f5a041d3000 JavaThread "pool-2-thread-3" [_thread_blocked, id=12088, stack(0x00007f59e6d12000,0x00007f59e6e13000)]
  0x00007f5a041d1800 JavaThread "pool-2-thread-2" [_thread_blocked, id=12087, stack(0x00007f59e6e13000,0x00007f59e6f14000)]
  0x00007f5a041cf800 JavaThread "pool-3-thread-1" [_thread_blocked, id=12086, stack(0x00007f59e6f14000,0x00007f59e7015000)]
  0x00007f5a041ce000 JavaThread "pool-2-thread-1" [_thread_blocked, id=12085, stack(0x00007f59e7015000,0x00007f59e7116000)]
  0x00007f5a040c8800 JavaThread "Service Thread" daemon [_thread_blocked, id=12083, stack(0x00007f59e7217000,0x00007f59e7318000)]
  0x00007f5a040bd000 JavaThread "C1 CompilerThread2" daemon [_thread_blocked, id=12082, stack(0x00007f59e7318000,0x00007f59e7419000)]
  0x00007f5a040bb800 JavaThread "C2 CompilerThread1" daemon [_thread_blocked, id=12081, stack(0x00007f59e7419000,0x00007f59e751a000)]
  0x00007f5a040b8800 JavaThread "C2 CompilerThread0" daemon [_thread_blocked, id=12080, stack(0x00007f59e751a000,0x00007f59e761b000)]
  0x00007f5a040b7000 JavaThread "Signal Dispatcher" daemon [_thread_blocked, id=12079, stack(0x00007f59e761b000,0x00007f59e771c000)]
  0x00007f5a04084000 JavaThread "Finalizer" daemon [_thread_blocked, id=12078, stack(0x00007f59e7dfe000,0x00007f59e7eff000)]
  0x00007f5a0407f800 JavaThread "Reference Handler" daemon [_thread_blocked, id=12077, stack(0x00007f59e7eff000,0x00007f59e8000000)]
  0x00007f5a0400a000 JavaThread "main" [_thread_blocked, id=12070, stack(0x00007f5a0d7bd000,0x00007f5a0d8be000)]

Other Threads:
=>0x00007f5a04078000 VMThread [stack: 0x00007f59ec0af000,0x00007f59ec1b0000] [id=12076]
  0x00007f5a040cb000 WatcherThread [stack: 0x00007f59e7116000,0x00007f59e7217000] [id=12084]

VM state:at safepoint (normal execution)

VM Mutex/Monitor currently owned by a thread:  ([mutex/lock_event])
[0x00007f5a04006570] Threads_lock - owner thread: 0x00007f5a04078000
[0x00007f5a04006a70] Heap_lock - owner thread: 0x00007f5a041d3000

Heap:
 PSYoungGen      total 441856K, used 42925K [0x000000076ab00000, 0x000000078a200000, 0x00000007c0000000)
  eden space 377344K, 0% used [0x000000076ab00000,0x000000076ab00000,0x0000000781b80000)
  from space 64512K, 66% used [0x0000000781b80000,0x000000078456b5a0,0x0000000785a80000)
  to   space 55808K, 0% used [0x0000000785a80000,0x0000000785a80000,0x0000000789100000)
 ParOldGen       total 148480K, used 120176K [0x00000006c0000000, 0x00000006c9100000, 0x000000076ab00000)
  object space 148480K, 80% used [0x00000006c0000000,0x00000006c755c208,0x00000006c9100000)
 Metaspace       used 6691K, capacity 7320K, committed 7680K, reserved 1056768K
  class space    used 635K, capacity 656K, committed 768K, reserved 1048576K

Card table byte_map: [0x00007f5a09d71000,0x00007f5a0a572000] byte_map_base: 0x00007f5a06771000

Marking Bits: (ParMarkBitMap*) 0x00007f5a0cc94c80
 Begin Bits: [0x00007f59ed000000, 0x00007f59f1000000)
 End Bits:   [0x00007f59f1000000, 0x00007f59f5000000)

Polling page: 0x00007f5a0d8de000

CodeCache: size=245760Kb used=12649Kb max_used=12673Kb free=233110Kb
 bounds [0x00007f59f5000000, 0x00007f59f5c70000, 0x00007f5a04000000]
 total_blobs=2892 nmethods=2623 adapters=182
 compilation: enabled

Compilation events (10 events):
Event: 38.211 Thread 0x00007f5a040bd000 2848       2       com.android.dx.util.BitIntSet::has (28 bytes)
Event: 38.211 Thread 0x00007f5a040bd000 nmethod 2848 0x00007f59f5bf7010 code [0x00007f59f5bf7180, 0x00007f59f5bf7350]
Event: 38.213 Thread 0x00007f5a040b8800 nmethod 2814 0x00007f59f5c2db10 code [0x00007f59f5c2dca0, 0x00007f59f5c2e128]
Event: 38.214 Thread 0x00007f5a040b8800 2846   !   4       com.android.dx.cf.code.Ropper::doit (126 bytes)
Event: 40.189 Thread 0x00007f5a040b8800 nmethod 2846 0x00007f59f5c5cb90 code [0x00007f59f5c5d3a0, 0x00007f59f5c62d08]
Event: 40.189 Thread 0x00007f5a040b8800 2823       4       com.android.dx.ssa.back.SsaToRop::moveParametersToHighRegisters (88 bytes)
Event: 40.199 Thread 0x00007f5a040bd000 2854 %     3       com.android.dx.rop.code.RegisterSpecSet::localItemToSpec @ 8 (49 bytes)
Event: 40.200 Thread 0x00007f5a040bd000 nmethod 2854% 0x00007f59f5c2d090 code [0x00007f59f5c2d240, 0x00007f59f5c2d8a8]
Event: 40.214 Thread 0x00007f5a040b8800 nmethod 2823 0x00007f59f5c5afd0 code [0x00007f59f5c5b1c0, 0x00007f59f5c5bfa8]
Event: 40.214 Thread 0x00007f5a040b8800 2820       4       com.android.dx.ssa.back.FirstFitLocalCombiningAllocator::handleLocalAssociatedParams (132 bytes)

GC Heap History (10 events):
Event: 1.750 GC heap after
Heap after GC invocations=7 (full 0):
 PSYoungGen      total 144384K, used 19438K [0x000000076ab00000, 0x000000077d900000, 0x00000007c0000000)
  eden space 124928K, 0% used [0x000000076ab00000,0x000000076ab00000,0x0000000772500000)
  from space 19456K, 99% used [0x0000000772500000,0x00000007737fbb60,0x0000000773800000)
  to   space 29696K, 0% used [0x000000077bc00000,0x000000077bc00000,0x000000077d900000)
 ParOldGen       total 84992K, used 28720K [0x00000006c0000000, 0x00000006c5300000, 0x000000076ab00000)
  object space 84992K, 33% used [0x00000006c0000000,0x00000006c1c0c0f8,0x00000006c5300000)
 Metaspace       used 6274K, capacity 7128K, committed 7424K, reserved 1056768K
  class space    used 613K, capacity 656K, committed 768K, reserved 1048576K
}
Event: 2.740 GC heap before
{Heap before GC invocations=8 (full 0):
 PSYoungGen      total 144384K, used 144366K [0x000000076ab00000, 0x000000077d900000, 0x00000007c0000000)
  eden space 124928K, 100% used [0x000000076ab00000,0x0000000772500000,0x0000000772500000)
  from space 19456K, 99% used [0x0000000772500000,0x00000007737fbb60,0x0000000773800000)
  to   space 29696K, 0% used [0x000000077bc00000,0x000000077bc00000,0x000000077d900000)
 ParOldGen       total 84992K, used 28720K [0x00000006c0000000, 0x00000006c5300000, 0x000000076ab00000)
  object space 84992K, 33% used [0x00000006c0000000,0x00000006c1c0c0f8,0x00000006c5300000)
 Metaspace       used 6477K, capacity 7192K, committed 7424K, reserved 1056768K
  class space    used 632K, capacity 656K, committed 768K, reserved 1048576K
Event: 2.810 GC heap after
Heap after GC invocations=8 (full 0):
 PSYoungGen      total 270848K, used 29675K [0x000000076ab00000, 0x000000077ea00000, 0x00000007c0000000)
  eden space 241152K, 0% used [0x000000076ab00000,0x000000076ab00000,0x0000000779680000)
  from space 29696K, 99% used [0x000000077bc00000,0x000000077d8fae90,0x000000077d900000)
  to   space 38400K, 0% used [0x0000000779680000,0x0000000779680000,0x000000077bc00000)
 ParOldGen       total 84992K, used 34956K [0x00000006c0000000, 0x00000006c5300000, 0x000000076ab00000)
  object space 84992K, 41% used [0x00000006c0000000,0x00000006c2223010,0x00000006c5300000)
 Metaspace       used 6477K, capacity 7192K, committed 7424K, reserved 1056768K
  class space    used 632K, capacity 656K, committed 768K, reserved 1048576K
}
Event: 3.365 GC heap before
{Heap before GC invocations=9 (full 0):
 PSYoungGen      total 270848K, used 270827K [0x000000076ab00000, 0x000000077ea00000, 0x00000007c0000000)
  eden space 241152K, 100% used [0x000000076ab00000,0x0000000779680000,0x0000000779680000)
  from space 29696K, 99% used [0x000000077bc00000,0x000000077d8fae90,0x000000077d900000)
  to   space 38400K, 0% used [0x0000000779680000,0x0000000779680000,0x000000077bc00000)
 ParOldGen       total 84992K, used 34956K [0x00000006c0000000, 0x00000006c5300000, 0x000000076ab00000)
  object space 84992K, 41% used [0x00000006c0000000,0x00000006c2223010,0x00000006c5300000)
 Metaspace       used 6597K, capacity 7256K, committed 7424K, reserved 1056768K
  class space    used 632K, capacity 656K, committed 768K, reserved 1048576K
Event: 7.241 GC heap after
Heap after GC invocations=9 (full 0):
 PSYoungGen      total 279552K, used 38391K [0x000000076ab00000, 0x0000000789100000, 0x00000007c0000000)
  eden space 241152K, 0% used [0x000000076ab00000,0x000000076ab00000,0x0000000779680000)
  from space 38400K, 99% used [0x0000000779680000,0x000000077bbfdee0,0x000000077bc00000)
  to   space 55808K, 0% used [0x0000000785a80000,0x0000000785a80000,0x0000000789100000)
 ParOldGen       total 84992K, used 60398K [0x00000006c0000000, 0x00000006c5300000, 0x000000076ab00000)
  object space 84992K, 71% used [0x00000006c0000000,0x00000006c3afbbe0,0x00000006c5300000)
 Metaspace       used 6597K, capacity 7256K, committed 7424K, reserved 1056768K
  class space    used 632K, capacity 656K, committed 768K, reserved 1048576K
}
Event: 7.799 GC heap before
{Heap before GC invocations=10 (full 0):
 PSYoungGen      total 279552K, used 279543K [0x000000076ab00000, 0x0000000789100000, 0x00000007c0000000)
  eden space 241152K, 100% used [0x000000076ab00000,0x0000000779680000,0x0000000779680000)
  from space 38400K, 99% used [0x0000000779680000,0x000000077bbfdee0,0x000000077bc00000)
  to   space 55808K, 0% used [0x0000000785a80000,0x0000000785a80000,0x0000000789100000)
 ParOldGen       total 84992K, used 60398K [0x00000006c0000000, 0x00000006c5300000, 0x000000076ab00000)
  object space 84992K, 71% used [0x00000006c0000000,0x00000006c3afbbe0,0x00000006c5300000)
 Metaspace       used 6629K, capacity 7256K, committed 7424K, reserved 1056768K
  class space    used 633K, capacity 656K, committed 768K, reserved 1048576K
Event: 23.370 GC heap after
Heap after GC invocations=10 (full 0):
 PSYoungGen      total 433152K, used 52959K [0x000000076ab00000, 0x000000078a200000, 0x00000007c0000000)
  eden space 377344K, 0% used [0x000000076ab00000,0x000000076ab00000,0x0000000781b80000)
  from space 55808K, 94% used [0x0000000785a80000,0x0000000788e37c18,0x0000000789100000)
  to   space 64512K, 0% used [0x0000000781b80000,0x0000000781b80000,0x0000000785a80000)
 ParOldGen       total 84992K, used 74278K [0x00000006c0000000, 0x00000006c5300000, 0x000000076ab00000)
  object space 84992K, 87% used [0x00000006c0000000,0x00000006c4889818,0x00000006c5300000)
 Metaspace       used 6629K, capacity 7256K, committed 7424K, reserved 1056768K
  class space    used 633K, capacity 656K, committed 768K, reserved 1048576K
}
Event: 23.370 GC heap before
{Heap before GC invocations=11 (full 1):
 PSYoungGen      total 433152K, used 52959K [0x000000076ab00000, 0x000000078a200000, 0x00000007c0000000)
  eden space 377344K, 0% used [0x000000076ab00000,0x000000076ab00000,0x0000000781b80000)
  from space 55808K, 94% used [0x0000000785a80000,0x0000000788e37c18,0x0000000789100000)
  to   space 64512K, 0% used [0x0000000781b80000,0x0000000781b80000,0x0000000785a80000)
 ParOldGen       total 84992K, used 74278K [0x00000006c0000000, 0x00000006c5300000, 0x000000076ab00000)
  object space 84992K, 87% used [0x00000006c0000000,0x00000006c4889818,0x00000006c5300000)
 Metaspace       used 6629K, capacity 7256K, committed 7424K, reserved 1056768K
  class space    used 633K, capacity 656K, committed 768K, reserved 1048576K
Event: 29.707 GC heap after
Heap after GC invocations=11 (full 1):
 PSYoungGen      total 433152K, used 36191K [0x000000076ab00000, 0x000000078a200000, 0x00000007c0000000)
  eden space 377344K, 0% used [0x000000076ab00000,0x000000076ab00000,0x0000000781b80000)
  from space 55808K, 64% used [0x0000000785a80000,0x0000000787dd7d10,0x0000000789100000)
  to   space 64512K, 0% used [0x0000000781b80000,0x0000000781b80000,0x0000000785a80000)
 ParOldGen       total 148480K, used 84630K [0x00000006c0000000, 0x00000006c9100000, 0x000000076ab00000)
  object space 148480K, 56% used [0x00000006c0000000,0x00000006c52a5af0,0x00000006c9100000)
 Metaspace       used 6629K, capacity 7256K, committed 7424K, reserved 1056768K
  class space    used 633K, capacity 656K, committed 768K, reserved 1048576K
}
Event: 40.448 GC heap before
{Heap before GC invocations=12 (full 1):
 PSYoungGen      total 433152K, used 413535K [0x000000076ab00000, 0x000000078a200000, 0x00000007c0000000)
  eden space 377344K, 100% used [0x000000076ab00000,0x0000000781b80000,0x0000000781b80000)
  from space 55808K, 64% used [0x0000000785a80000,0x0000000787dd7d10,0x0000000789100000)
  to   space 64512K, 0% used [0x0000000781b80000,0x0000000781b80000,0x0000000785a80000)
 ParOldGen       total 148480K, used 84630K [0x00000006c0000000, 0x00000006c9100000, 0x000000076ab00000)
  object space 148480K, 56% used [0x00000006c0000000,0x00000006c52a5af0,0x00000006c9100000)
 Metaspace       used 6691K, capacity 7320K, committed 7680K, reserved 1056768K
  class space    used 635K, capacity 656K, committed 768K, reserved 1048576K

Deoptimization events (10 events):
Event: 30.639 Thread 0x00007f5a041ce000 Uncommon trap: reason=unstable_if action=reinterpret pc=0x00007f59f5944a50 method=com.android.dx.cf.code.ByteCatchList.listFor(I)Lcom/android/dx/cf/code/ByteCatchList; @ 47
Event: 32.578 Thread 0x00007f5a041d5000 Uncommon trap: reason=predicate action=maybe_recompile pc=0x00007f59f5aa5ff4 method=com.android.dx.ssa.DomFront.run()[Lcom/android/dx/ssa/DomFront$DomInfo; @ 175
Event: 33.064 Thread 0x00007f5a041d3000 Uncommon trap: reason=unstable_if action=reinterpret pc=0x00007f59f5a73aa8 method=com.android.dx.rop.type.Type.isReference()Z @ 6
Event: 33.070 Thread 0x00007f5a041d5000 Uncommon trap: reason=class_check action=maybe_recompile pc=0x00007f59f5a5875c method=com.android.dx.ssa.SsaConverter.placePhiFunctions(Lcom/android/dx/ssa/SsaMethod;Lcom/android/dx/ssa/LocalVariableInfo;I)V @ 257
Event: 33.313 Thread 0x00007f5a041ce000 Uncommon trap: reason=unstable_if action=reinterpret pc=0x00007f59f5a30928 method=com.android.dx.rop.code.LocalVariableInfo.mergeStarts(ILcom/android/dx/rop/code/RegisterSpecSet;)Z @ 31
Event: 33.664 Thread 0x00007f5a041d3000 Uncommon trap: reason=unstable_if action=reinterpret pc=0x00007f59f5909744 method=com.android.dx.ssa.SCCP.simulateBranch(Lcom/android/dx/ssa/SsaInsn;)V @ 548
Event: 33.664 Thread 0x00007f5a041d3000 Uncommon trap: reason=unstable_if action=reinterpret pc=0x00007f59f5a7cf2c method=com.android.dx.ssa.SCCP.replaceBranches()V @ 14
Event: 33.857 Thread 0x00007f5a041d3000 Uncommon trap: reason=unstable_if action=reinterpret pc=0x00007f59f5bb6ca4 method=com.android.dx.ssa.InterferenceRegisterMapper.interferes(III)Z @ 35
Event: 34.288 Thread 0x00007f5a041d3000 Uncommon trap: reason=unstable_if action=reinterpret pc=0x00007f59f59b7048 method=com.android.dx.rop.code.RegisterSpecSet.localItemToSpec(Lcom/android/dx/rop/code/LocalItem;)Lcom/android/dx/rop/code/RegisterSpec; @ 35
Event: 38.207 Thread 0x00007f5a041ce000 Uncommon trap: reason=unstable_if action=reinterpret pc=0x00007f59f5b78cc0 method=com.android.dx.util.BitIntSet.has(I)Z @ 8

Internal exceptions (6 events):
Event: 0.024 Thread 0x00007f5a0400a000 Exception <a 'java/lang/NoSuchMethodError': Method sun.misc.Unsafe.defineClass(Ljava/lang/String;[BII)Ljava/lang/Class; name or signature does not match> (0x000000076ab07ca8) thrown at [/HUDSON3/workspace/8-2-build-linux-amd64/jdk8u121/8372/hotspot/src/sh
Event: 0.024 Thread 0x00007f5a0400a000 Exception <a 'java/lang/NoSuchMethodError': Method sun.misc.Unsafe.prefetchRead(Ljava/lang/Object;J)V name or signature does not match> (0x000000076ab07f90) thrown at [/HUDSON3/workspace/8-2-build-linux-amd64/jdk8u121/8372/hotspot/src/share/vm/prims/jni.c
Event: 0.800 Thread 0x00007f5a041d1800 Implicit null exception at 0x00007f59f5328587 to 0x00007f59f532ab9d
Event: 2.676 Thread 0x00007f5a041d1800 Exception <a 'java/lang/ArrayIndexOutOfBoundsException': 18> (0x000000076ab00ab8) thrown at [/HUDSON3/workspace/8-2-build-linux-amd64/jdk8u121/8372/hotspot/src/share/vm/interpreter/interpreterRuntime.cpp, line 366]
Event: 2.677 Thread 0x00007f5a041d3000 Exception <a 'java/lang/ArrayIndexOutOfBoundsException': 145> (0x00000007710ed7e8) thrown at [/HUDSON3/workspace/8-2-build-linux-amd64/jdk8u121/8372/hotspot/src/share/vm/interpreter/interpreterRuntime.cpp, line 366]
Event: 2.683 Thread 0x00007f5a041d3000 Exception <a 'java/lang/ArrayIndexOutOfBoundsException'> (0x00000007710eead0) thrown at [/HUDSON3/workspace/8-2-build-linux-amd64/jdk8u121/8372/hotspot/src/share/vm/runtime/sharedRuntime.cpp, line 605]

Events (10 events):
Event: 34.975 Thread 0x00007f5a041d1800 DEOPT PACKING pc=0x00007f59f5b8c429 sp=0x00007f59e6f11e50
Event: 34.975 Thread 0x00007f5a041d1800 DEOPT UNPACKING pc=0x00007f59f5047633 sp=0x00007f59e6f11c00 mode 0
Event: 38.207 Thread 0x00007f5a041ce000 Uncommon trap: trap_request=0xffffff65 fr.pc=0x00007f59f5b78cc0
Event: 38.207 Thread 0x00007f5a041ce000 DEOPT PACKING pc=0x00007f59f5b78cc0 sp=0x00007f59e7113b20
Event: 38.207 Thread 0x00007f5a041ce000 DEOPT UNPACKING pc=0x00007f59f5005229 sp=0x00007f59e7113ad0 mode 2
Event: 40.209 loading class com/android/dx/ssa/Dominators$1
Event: 40.209 loading class com/android/dx/ssa/Dominators$1 done
Event: 40.221 Thread 0x00007f5a041d3000 DEOPT PACKING pc=0x00007f59f53a4a8a sp=0x00007f59e6e10d80
Event: 40.221 Thread 0x00007f5a041d3000 DEOPT UNPACKING pc=0x00007f59f5047633 sp=0x00007f59e6e10b68 mode 0
Event: 40.222 Executing VM operation: ParallelGCFailedAllocation


Dynamic libraries:
00400000-00401000 r-xp 00000000 08:01 17982852                           /usr/lib/jvm/java-8-oracle/bin/java
00600000-00601000 rw-p 00000000 08:01 17982852                           /usr/lib/jvm/java-8-oracle/bin/java
008c6000-008e7000 rw-p 00000000 00:00 0                                  [heap]
6c0000000-6c9100000 rw-p 00000000 00:00 0 
6c9100000-76ab00000 ---p 00000000 00:00 0 
76ab00000-78a200000 rw-p 00000000 00:00 0 
792f80000-7c0000000 ---p 00000000 00:00 0 
7c0000000-7c00c0000 rw-p 00000000 00:00 0 
7c00c0000-800000000 ---p 00000000 00:00 0 
7f5998000000-7f5998048000 rw-p 00000000 00:00 0 
7f5998048000-7f599c000000 ---p 00000000 00:00 0 
7f59a0000000-7f59a0021000 rw-p 00000000 00:00 0 
7f59a0021000-7f59a4000000 ---p 00000000 00:00 0 
7f59a4000000-7f59a4021000 rw-p 00000000 00:00 0 
7f59a4021000-7f59a8000000 ---p 00000000 00:00 0 
7f59a8000000-7f59a8024000 rw-p 00000000 00:00 0 
7f59a8024000-7f59ac000000 ---p 00000000 00:00 0 
7f59ac000000-7f59ac021000 rw-p 00000000 00:00 0 
7f59ac021000-7f59b0000000 ---p 00000000 00:00 0 
7f59b0000000-7f59b0021000 rw-p 00000000 00:00 0 
7f59b0021000-7f59b4000000 ---p 00000000 00:00 0 
7f59b4000000-7f59b4021000 rw-p 00000000 00:00 0 
7f59b4021000-7f59b8000000 ---p 00000000 00:00 0 
7f59b8000000-7f59b964f000 rw-p 00000000 00:00 0 
7f59b964f000-7f59bc000000 ---p 00000000 00:00 0 
7f59bc000000-7f59bc6b3000 rw-p 00000000 00:00 0 
7f59bc6b3000-7f59c0000000 ---p 00000000 00:00 0 
7f59c0000000-7f59c0021000 rw-p 00000000 00:00 0 
7f59c0021000-7f59c4000000 ---p 00000000 00:00 0 
7f59c4000000-7f59c5a9a000 rw-p 00000000 00:00 0 
7f59c5a9a000-7f59c8000000 ---p 00000000 00:00 0 
7f59c8000000-7f59c8021000 rw-p 00000000 00:00 0 
7f59c8021000-7f59cc000000 ---p 00000000 00:00 0 
7f59cc000000-7f59cc021000 rw-p 00000000 00:00 0 
7f59cc021000-7f59d0000000 ---p 00000000 00:00 0 
7f59d0000000-7f59d0021000 rw-p 00000000 00:00 0 
7f59d0021000-7f59d4000000 ---p 00000000 00:00 0 
7f59d4000000-7f59d42a1000 rw-p 00000000 00:00 0 
7f59d42a1000-7f59d8000000 ---p 00000000 00:00 0 
7f59d8000000-7f59d8021000 rw-p 00000000 00:00 0 
7f59d8021000-7f59dc000000 ---p 00000000 00:00 0 
7f59e0000000-7f59e0021000 rw-p 00000000 00:00 0 
7f59e0021000-7f59e4000000 ---p 00000000 00:00 0 
7f59e6c11000-7f59e6c14000 ---p 00000000 00:00 0 
7f59e6c14000-7f59e6d12000 rw-p 00000000 00:00 0 
7f59e6d12000-7f59e6d15000 ---p 00000000 00:00 0 
7f59e6d15000-7f59e6e13000 rw-p 00000000 00:00 0 
7f59e6e13000-7f59e6e16000 ---p 00000000 00:00 0 
7f59e6e16000-7f59e6f14000 rw-p 00000000 00:00 0 
7f59e6f14000-7f59e6f17000 ---p 00000000 00:00 0 
7f59e6f17000-7f59e7015000 rw-p 00000000 00:00 0 
7f59e7015000-7f59e7018000 ---p 00000000 00:00 0 
7f59e7018000-7f59e7116000 rw-p 00000000 00:00 0 
7f59e7116000-7f59e7117000 ---p 00000000 00:00 0 
7f59e7117000-7f59e7217000 rw-p 00000000 00:00 0 
7f59e7217000-7f59e721a000 ---p 00000000 00:00 0 
7f59e721a000-7f59e7318000 rw-p 00000000 00:00 0 
7f59e7318000-7f59e731b000 ---p 00000000 00:00 0 
7f59e731b000-7f59e7419000 rw-p 00000000 00:00 0 
7f59e7419000-7f59e741c000 ---p 00000000 00:00 0 
7f59e741c000-7f59e751a000 rw-p 00000000 00:00 0 
7f59e751a000-7f59e751d000 ---p 00000000 00:00 0 
7f59e751d000-7f59e761b000 rw-p 00000000 00:00 0 
7f59e761b000-7f59e761e000 ---p 00000000 00:00 0 
7f59e761e000-7f59e771c000 rw-p 00000000 00:00 0 
7f59e771c000-7f59e7dfe000 r--p 00000000 08:01 17963560                   /usr/lib/locale/locale-archive
7f59e7dfe000-7f59e7e01000 ---p 00000000 00:00 0 
7f59e7e01000-7f59e7eff000 rw-p 00000000 00:00 0 
7f59e7eff000-7f59e7f02000 ---p 00000000 00:00 0 
7f59e7f02000-7f59e8000000 rw-p 00000000 00:00 0 
7f59e8000000-7f59e8021000 rw-p 00000000 00:00 0 
7f59e8021000-7f59ec000000 ---p 00000000 00:00 0 
7f59ec04d000-7f59ec0af000 r--s 004da000 08:01 14562599                   /home/cbe-teclwsp-012/SVN_TRISTAR/tristar/build/intermediates/transforms/jarMerging/release/jars/1/1f/combined.jar
7f59ec0af000-7f59ec0b0000 ---p 00000000 00:00 0 
7f59ec0b0000-7f59f5000000 rw-p 00000000 00:00 0 
7f59f5000000-7f59f5c70000 rwxp 00000000 00:00 0 
7f59f5c70000-7f5a04000000 ---p 00000000 00:00 0 
7f5a04000000-7f5a043c5000 rw-p 00000000 00:00 0 
7f5a043c5000-7f5a08000000 ---p 00000000 00:00 0 
7f5a08015000-7f5a081c8000 rw-p 00000000 00:00 0 
7f5a081c8000-7f5a083a1000 r--s 03d3e000 08:01 17981979                   /usr/lib/jvm/java-8-oracle/jre/lib/rt.jar
7f5a083a1000-7f5a08ad7000 rw-p 00000000 00:00 0 
7f5a08ad7000-7f5a08c17000 ---p 00000000 00:00 0 
7f5a08c17000-7f5a09417000 rw-p 00000000 00:00 0 
7f5a09417000-7f5a09418000 ---p 00000000 00:00 0 
7f5a09418000-7f5a09518000 rw-p 00000000 00:00 0 
7f5a09518000-7f5a09519000 ---p 00000000 00:00 0 
7f5a09519000-7f5a09619000 rw-p 00000000 00:00 0 
7f5a09619000-7f5a0961a000 ---p 00000000 00:00 0 
7f5a0961a000-7f5a0971a000 rw-p 00000000 00:00 0 
7f5a0971a000-7f5a0971b000 ---p 00000000 00:00 0 
7f5a0971b000-7f5a09864000 rw-p 00000000 00:00 0 
7f5a09864000-7f5a09d71000 ---p 00000000 00:00 0 
7f5a09d71000-7f5a09dba000 rw-p 00000000 00:00 0 
7f5a09dba000-7f5a0a2c6000 ---p 00000000 00:00 0 
7f5a0a2c6000-7f5a0a3c2000 rw-p 00000000 00:00 0 
7f5a0a3c2000-7f5a0a571000 ---p 00000000 00:00 0 
7f5a0a571000-7f5a0a5a4000 rw-p 00000000 00:00 0 
7f5a0a5a4000-7f5a0a932000 ---p 00000000 00:00 0 
7f5a0a932000-7f5a0a94c000 r-xp 00000000 08:01 17982124                   /usr/lib/jvm/java-8-oracle/jre/lib/amd64/libzip.so
7f5a0a94c000-7f5a0ab4c000 ---p 0001a000 08:01 17982124                   /usr/lib/jvm/java-8-oracle/jre/lib/amd64/libzip.so
7f5a0ab4c000-7f5a0ab4d000 rw-p 0001a000 08:01 17982124                   /usr/lib/jvm/java-8-oracle/jre/lib/amd64/libzip.so
7f5a0ab4d000-7f5a0ab57000 r-xp 00000000 08:01 21495911                   /lib/x86_64-linux-gnu/libnss_files-2.19.so
7f5a0ab57000-7f5a0ad56000 ---p 0000a000 08:01 21495911                   /lib/x86_64-linux-gnu/libnss_files-2.19.so
7f5a0ad56000-7f5a0ad57000 r--p 00009000 08:01 21495911                   /lib/x86_64-linux-gnu/libnss_files-2.19.so
7f5a0ad57000-7f5a0ad58000 rw-p 0000a000 08:01 21495911                   /lib/x86_64-linux-gnu/libnss_files-2.19.so
7f5a0ad58000-7f5a0ad63000 r-xp 00000000 08:01 21495903                   /lib/x86_64-linux-gnu/libnss_nis-2.19.so
7f5a0ad63000-7f5a0af62000 ---p 0000b000 08:01 21495903                   /lib/x86_64-linux-gnu/libnss_nis-2.19.so
7f5a0af62000-7f5a0af63000 r--p 0000a000 08:01 21495903                   /lib/x86_64-linux-gnu/libnss_nis-2.19.so
7f5a0af63000-7f5a0af64000 rw-p 0000b000 08:01 21495903                   /lib/x86_64-linux-gnu/libnss_nis-2.19.so
7f5a0af64000-7f5a0af7b000 r-xp 00000000 08:01 21495899                   /lib/x86_64-linux-gnu/libnsl-2.19.so
7f5a0af7b000-7f5a0b17a000 ---p 00017000 08:01 21495899                   /lib/x86_64-linux-gnu/libnsl-2.19.so
7f5a0b17a000-7f5a0b17b000 r--p 00016000 08:01 21495899                   /lib/x86_64-linux-gnu/libnsl-2.19.so
7f5a0b17b000-7f5a0b17c000 rw-p 00017000 08:01 21495899                   /lib/x86_64-linux-gnu/libnsl-2.19.so
7f5a0b17c000-7f5a0b17e000 rw-p 00000000 00:00 0 
7f5a0b17e000-7f5a0b187000 r-xp 00000000 08:01 21495898                   /lib/x86_64-linux-gnu/libnss_compat-2.19.so
7f5a0b187000-7f5a0b386000 ---p 00009000 08:01 21495898                   /lib/x86_64-linux-gnu/libnss_compat-2.19.so
7f5a0b386000-7f5a0b387000 r--p 00008000 08:01 21495898                   /lib/x86_64-linux-gnu/libnss_compat-2.19.so
7f5a0b387000-7f5a0b388000 rw-p 00009000 08:01 21495898                   /lib/x86_64-linux-gnu/libnss_compat-2.19.so
7f5a0b388000-7f5a0b3b3000 r-xp 00000000 08:01 17982153                   /usr/lib/jvm/java-8-oracle/jre/lib/amd64/libjava.so
7f5a0b3b3000-7f5a0b5b2000 ---p 0002b000 08:01 17982153                   /usr/lib/jvm/java-8-oracle/jre/lib/amd64/libjava.so
7f5a0b5b2000-7f5a0b5b4000 rw-p 0002a000 08:01 17982153                   /usr/lib/jvm/java-8-oracle/jre/lib/amd64/libjava.so
7f5a0b5b4000-7f5a0b5c1000 r-xp 00000000 08:01 17982156                   /usr/lib/jvm/java-8-oracle/jre/lib/amd64/libverify.so
7f5a0b5c1000-7f5a0b7c0000 ---p 0000d000 08:01 17982156                   /usr/lib/jvm/java-8-oracle/jre/lib/amd64/libverify.so
7f5a0b7c0000-7f5a0b7c2000 rw-p 0000c000 08:01 17982156                   /usr/lib/jvm/java-8-oracle/jre/lib/amd64/libverify.so
7f5a0b7c2000-7f5a0b7c9000 r-xp 00000000 08:01 21495907                   /lib/x86_64-linux-gnu/librt-2.19.so
7f5a0b7c9000-7f5a0b9c8000 ---p 00007000 08:01 21495907                   /lib/x86_64-linux-gnu/librt-2.19.so
7f5a0b9c8000-7f5a0b9c9000 r--p 00006000 08:01 21495907                   /lib/x86_64-linux-gnu/librt-2.19.so
7f5a0b9c9000-7f5a0b9ca000 rw-p 00007000 08:01 21495907                   /lib/x86_64-linux-gnu/librt-2.19.so
7f5a0b9ca000-7f5a0bacf000 r-xp 00000000 08:01 21495827                   /lib/x86_64-linux-gnu/libm-2.19.so
7f5a0bacf000-7f5a0bcce000 ---p 00105000 08:01 21495827                   /lib/x86_64-linux-gnu/libm-2.19.so
7f5a0bcce000-7f5a0bccf000 r--p 00104000 08:01 21495827                   /lib/x86_64-linux-gnu/libm-2.19.so
7f5a0bccf000-7f5a0bcd0000 rw-p 00105000 08:01 21495827                   /lib/x86_64-linux-gnu/libm-2.19.so
7f5a0bcd0000-7f5a0c99e000 r-xp 00000000 08:01 17982146                   /usr/lib/jvm/java-8-oracle/jre/lib/amd64/server/libjvm.so
7f5a0c99e000-7f5a0cb9e000 ---p 00cce000 08:01 17982146                   /usr/lib/jvm/java-8-oracle/jre/lib/amd64/server/libjvm.so
7f5a0cb9e000-7f5a0cc77000 rw-p 00cce000 08:01 17982146                   /usr/lib/jvm/java-8-oracle/jre/lib/amd64/server/libjvm.so
7f5a0cc77000-7f5a0ccc2000 rw-p 00000000 00:00 0 
7f5a0ccc2000-7f5a0ce7c000 r-xp 00000000 08:01 21495908                   /lib/x86_64-linux-gnu/libc-2.19.so
7f5a0ce7c000-7f5a0d07c000 ---p 001ba000 08:01 21495908                   /lib/x86_64-linux-gnu/libc-2.19.so
7f5a0d07c000-7f5a0d080000 r--p 001ba000 08:01 21495908                   /lib/x86_64-linux-gnu/libc-2.19.so
7f5a0d080000-7f5a0d082000 rw-p 001be000 08:01 21495908                   /lib/x86_64-linux-gnu/libc-2.19.so
7f5a0d082000-7f5a0d087000 rw-p 00000000 00:00 0 
7f5a0d087000-7f5a0d08a000 r-xp 00000000 08:01 21495837                   /lib/x86_64-linux-gnu/libdl-2.19.so
7f5a0d08a000-7f5a0d289000 ---p 00003000 08:01 21495837                   /lib/x86_64-linux-gnu/libdl-2.19.so
7f5a0d289000-7f5a0d28a000 r--p 00002000 08:01 21495837                   /lib/x86_64-linux-gnu/libdl-2.19.so
7f5a0d28a000-7f5a0d28b000 rw-p 00003000 08:01 21495837                   /lib/x86_64-linux-gnu/libdl-2.19.so
7f5a0d28b000-7f5a0d2a0000 r-xp 00000000 08:01 17982667                   /usr/lib/jvm/java-8-oracle/lib/amd64/jli/libjli.so
7f5a0d2a0000-7f5a0d4a0000 ---p 00015000 08:01 17982667                   /usr/lib/jvm/java-8-oracle/lib/amd64/jli/libjli.so
7f5a0d4a0000-7f5a0d4a1000 rw-p 00015000 08:01 17982667                   /usr/lib/jvm/java-8-oracle/lib/amd64/jli/libjli.so
7f5a0d4a1000-7f5a0d4ba000 r-xp 00000000 08:01 21495900                   /lib/x86_64-linux-gnu/libpthread-2.19.so
7f5a0d4ba000-7f5a0d6b9000 ---p 00019000 08:01 21495900                   /lib/x86_64-linux-gnu/libpthread-2.19.so
7f5a0d6b9000-7f5a0d6ba000 r--p 00018000 08:01 21495900                   /lib/x86_64-linux-gnu/libpthread-2.19.so
7f5a0d6ba000-7f5a0d6bb000 rw-p 00019000 08:01 21495900                   /lib/x86_64-linux-gnu/libpthread-2.19.so
7f5a0d6bb000-7f5a0d6bf000 rw-p 00000000 00:00 0 
7f5a0d6bf000-7f5a0d6e2000 r-xp 00000000 08:01 21495901                   /lib/x86_64-linux-gnu/ld-2.19.so
7f5a0d6ea000-7f5a0d7bd000 rw-p 00000000 00:00 0 
7f5a0d7bd000-7f5a0d7c0000 ---p 00000000 00:00 0 
7f5a0d7c0000-7f5a0d8c2000 rw-p 00000000 00:00 0 
7f5a0d8c5000-7f5a0d8c6000 rw-p 00000000 00:00 0 
7f5a0d8c6000-7f5a0d8d5000 r--s 000df000 08:01 11405461                   /home/cbe-teclwsp-012/Android/Sdk/build-tools/23.0.3/lib/dx.jar
7f5a0d8d5000-7f5a0d8dd000 rw-s 00000000 08:01 24650426                   /tmp/hsperfdata_cbe-teclwsp-012/12066
7f5a0d8dd000-7f5a0d8de000 rw-p 00000000 00:00 0 
7f5a0d8de000-7f5a0d8df000 ---p 00000000 00:00 0 
7f5a0d8df000-7f5a0d8e1000 rw-p 00000000 00:00 0 
7f5a0d8e1000-7f5a0d8e2000 r--p 00022000 08:01 21495901                   /lib/x86_64-linux-gnu/ld-2.19.so
7f5a0d8e2000-7f5a0d8e3000 rw-p 00023000 08:01 21495901                   /lib/x86_64-linux-gnu/ld-2.19.so
7f5a0d8e3000-7f5a0d8e4000 rw-p 00000000 00:00 0 
7ffc245f2000-7ffc24613000 rw-p 00000000 00:00 0                          [stack]
7ffc246b3000-7ffc246b5000 r--p 00000000 00:00 0                          [vvar]
7ffc246b5000-7ffc246b7000 r-xp 00000000 00:00 0                          [vdso]
ffffffffff600000-ffffffffff601000 r-xp 00000000 00:00 0                  [vsyscall]

VM Arguments:
jvm_args: -Djava.awt.headless=true -Xmx4g -Dfile.encoding=UTF-8 -Duser.country=IN -Duser.language=en -Duser.variant 
java_command: com.android.dx.command.Main --dex --num-threads=4 --multi-dex --main-dex-list /home/cbe-teclwsp-012/SVN_TRISTAR/tristar/build/intermediates/multi-dex/release/maindexlist.txt --output /home/cbe-teclwsp-012/SVN_TRISTAR/tristar/build/intermediates/transforms/dex/release/folders/1000/1f/main /home/cbe-teclwsp-012/SVN_TRISTAR/tristar/build/intermediates/transforms/jarMerging/release/jars/1/1f/combined.jar
java_class_path (initial): /home/cbe-teclwsp-012/Android/Sdk/build-tools/23.0.3/lib/dx.jar
Launcher Type: SUN_STANDARD

Environment Variables:
JAVA_HOME=/usr/lib/jvm/java-8-oracle
PATH=/usr/local/sbin:/usr/local/bin:/usr/sbin:/usr/bin:/sbin:/bin:/usr/games:/usr/local/games:/usr/lib/jvm/java-8-oracle/bin:/usr/lib/jvm/java-8-oracle/db/bin:/usr/lib/jvm/java-8-oracle/jre/bin
LD_LIBRARY_PATH=/opt/android-studio/bin:
SHELL=/bin/bash
DISPLAY=:0

Signal Handlers:
SIGSEGV: [libjvm.so+0xac78c0], sa_mask[0]=11111111011111111101111111111110, sa_flags=SA_RESTART|SA_SIGINFO
SIGBUS: [libjvm.so+0xac78c0], sa_mask[0]=11111111011111111101111111111110, sa_flags=SA_RESTART|SA_SIGINFO
SIGFPE: [libjvm.so+0x920ac0], sa_mask[0]=11111111011111111101111111111110, sa_flags=SA_RESTART|SA_SIGINFO
SIGPIPE: [libjvm.so+0x920ac0], sa_mask[0]=11111111011111111101111111111110, sa_flags=SA_RESTART|SA_SIGINFO
SIGXFSZ: [libjvm.so+0x920ac0], sa_mask[0]=11111111011111111101111111111110, sa_flags=SA_RESTART|SA_SIGINFO
SIGILL: [libjvm.so+0x920ac0], sa_mask[0]=11111111011111111101111111111110, sa_flags=SA_RESTART|SA_SIGINFO
SIGUSR1: SIG_DFL, sa_mask[0]=00000000000000000000000000000000, sa_flags=none
SIGUSR2: [libjvm.so+0x922300], sa_mask[0]=00100000000000000000000000000000, sa_flags=SA_RESTART|SA_SIGINFO
SIGHUP: [libjvm.so+0x923700], sa_mask[0]=11111111011111111101111111111110, sa_flags=SA_RESTART|SA_SIGINFO
SIGINT: [libjvm.so+0x923700], sa_mask[0]=11111111011111111101111111111110, sa_flags=SA_RESTART|SA_SIGINFO
SIGTERM: [libjvm.so+0x923700], sa_mask[0]=11111111011111111101111111111110, sa_flags=SA_RESTART|SA_SIGINFO
SIGQUIT: [libjvm.so+0x923700], sa_mask[0]=11111111011111111101111111111110, sa_flags=SA_RESTART|SA_SIGINFO


---------------  S Y S T E M  ---------------

OS:DISTRIB_ID=Ubuntu
DISTRIB_RELEASE=14.04
DISTRIB_CODENAME=trusty
DISTRIB_DESCRIPTION="Ubuntu 14.04.5 LTS"

uname:Linux 4.2.0-42-generic #49~14.04.1-Ubuntu SMP Wed Jun 29 20:22:11 UTC 2016 x86_64
libc:glibc 2.19 NPTL 2.19 
rlimit: STACK 8192k, CORE 0k, NPROC 31205, NOFILE 4096, AS infinity
load average:7.10 2.38 1.10

/proc/meminfo:
MemTotal:        8010652 kB
MemFree:          123588 kB
MemAvailable:      85040 kB
Buffers:            2076 kB
Cached:           671128 kB
SwapCached:        28104 kB
Active:          6479336 kB
Inactive:        1216460 kB
Active(anon):    6465760 kB
Inactive(anon):  1197208 kB
Active(file):      13576 kB
Inactive(file):    19252 kB
Unevictable:          32 kB
Mlocked:              32 kB
SwapTotal:       4090876 kB
SwapFree:           1004 kB
Dirty:               124 kB
Writeback:             0 kB
AnonPages:       6994592 kB
Mapped:           581688 kB
Shmem:            640320 kB
Slab:              95208 kB
SReclaimable:      58996 kB
SUnreclaim:        36212 kB
KernelStack:        9808 kB
PageTables:        45340 kB
NFS_Unstable:          0 kB
Bounce:                0 kB
WritebackTmp:          0 kB
CommitLimit:     8096200 kB
Committed_AS:   14058604 kB
VmallocTotal:   34359738367 kB
VmallocUsed:      359172 kB
VmallocChunk:   34358947836 kB
HardwareCorrupted:     0 kB
AnonHugePages:   4104192 kB
CmaTotal:              0 kB
CmaFree:               0 kB
HugePages_Total:       0
HugePages_Free:        0
HugePages_Rsvd:        0
HugePages_Surp:        0
Hugepagesize:       2048 kB
DirectMap4k:      123632 kB
DirectMap2M:     8097792 kB


CPU:total 4 (4 cores per cpu, 1 threads per core) family 6 model 58 stepping 9, cmov, cx8, fxsr, mmx, sse, sse2, sse3, ssse3, sse4.1, sse4.2, popcnt, avx, aes, clmul, erms, tsc, tscinvbit, tscinv

/proc/cpuinfo:
processor	: 0
vendor_id	: GenuineIntel
cpu family	: 6
model		: 58
model name	: Intel(R) Core(TM) i5-3450 CPU @ 3.10GHz
stepping	: 9
microcode	: 0x15
cpu MHz		: 1661.769
cache size	: 6144 KB
physical id	: 0
siblings	: 4
core id		: 0
cpu cores	: 4
apicid		: 0
initial apicid	: 0
fpu		: yes
fpu_exception	: yes
cpuid level	: 13
wp		: yes
flags		: fpu vme de pse tsc msr pae mce cx8 apic sep mtrr pge mca cmov pat pse36 clflush dts acpi mmx fxsr sse sse2 ss ht tm pbe syscall nx rdtscp lm constant_tsc arch_perfmon pebs bts rep_good nopl xtopology nonstop_tsc aperfmperf eagerfpu pni pclmulqdq dtes64 monitor ds_cpl vmx est tm2 ssse3 cx16 xtpr pdcm pcid sse4_1 sse4_2 popcnt tsc_deadline_timer aes xsave avx f16c rdrand lahf_lm ida arat epb pln pts dtherm tpr_shadow vnmi flexpriority ept vpid fsgsbase smep erms xsaveopt
bugs		:
bogomips	: 6185.80
clflush size	: 64
cache_alignment	: 64
address sizes	: 36 bits physical, 48 bits virtual
power management:

processor	: 1
vendor_id	: GenuineIntel
cpu family	: 6
model		: 58
model name	: Intel(R) Core(TM) i5-3450 CPU @ 3.10GHz
stepping	: 9
microcode	: 0x15
cpu MHz		: 1625.925
cache size	: 6144 KB
physical id	: 0
siblings	: 4
core id		: 1
cpu cores	: 4
apicid		: 2
initial apicid	: 2
fpu		: yes
fpu_exception	: yes
cpuid level	: 13
wp		: yes
flags		: fpu vme de pse tsc msr pae mce cx8 apic sep mtrr pge mca cmov pat pse36 clflush dts acpi mmx fxsr sse sse2 ss ht tm pbe syscall nx rdtscp lm constant_tsc arch_perfmon pebs bts rep_good nopl xtopology nonstop_tsc aperfmperf eagerfpu pni pclmulqdq dtes64 monitor ds_cpl vmx est tm2 ssse3 cx16 xtpr pdcm pcid sse4_1 sse4_2 popcnt tsc_deadline_timer aes xsave avx f16c rdrand lahf_lm ida arat epb pln pts dtherm tpr_shadow vnmi flexpriority ept vpid fsgsbase smep erms xsaveopt
bugs		:
bogomips	: 6185.80
clflush size	: 64
cache_alignment	: 64
address sizes	: 36 bits physical, 48 bits virtual
power management:

processor	: 2
vendor_id	: GenuineIntel
cpu family	: 6
model		: 58
model name	: Intel(R) Core(TM) i5-3450 CPU @ 3.10GHz
stepping	: 9
microcode	: 0x15
cpu MHz		: 1688.167
cache size	: 6144 KB
physical id	: 0
siblings	: 4
core id		: 2
cpu cores	: 4
apicid		: 4
initial apicid	: 4
fpu		: yes
fpu_exception	: yes
cpuid level	: 13
wp		: yes
flags		: fpu vme de pse tsc msr pae mce cx8 apic sep mtrr pge mca cmov pat pse36 clflush dts acpi mmx fxsr sse sse2 ss ht tm pbe syscall nx rdtscp lm constant_tsc arch_perfmon pebs bts rep_good nopl xtopology nonstop_tsc aperfmperf eagerfpu pni pclmulqdq dtes64 monitor ds_cpl vmx est tm2 ssse3 cx16 xtpr pdcm pcid sse4_1 sse4_2 popcnt tsc_deadline_timer aes xsave avx f16c rdrand lahf_lm ida arat epb pln pts dtherm tpr_shadow vnmi flexpriority ept vpid fsgsbase smep erms xsaveopt
bugs		:
bogomips	: 6185.80
clflush size	: 64
cache_alignment	: 64
address sizes	: 36 bits physical, 48 bits virtual
power management:

processor	: 3
vendor_id	: GenuineIntel
cpu family	: 6
model		: 58
model name	: Intel(R) Core(TM) i5-3450 CPU @ 3.10GHz
stepping	: 9
microcode	: 0x15
cpu MHz		: 1690.105
cache size	: 6144 KB
physical id	: 0
siblings	: 4
core id		: 3
cpu cores	: 4
apicid		: 6
initial apicid	: 6
fpu		: yes
fpu_exception	: yes
cpuid level	: 13
wp		: yes
flags		: fpu vme de pse tsc msr pae mce cx8 apic sep mtrr pge mca cmov pat pse36 clflush dts acpi mmx fxsr sse sse2 ss ht tm pbe syscall nx rdtscp lm constant_tsc arch_perfmon pebs bts rep_good nopl xtopology nonstop_tsc aperfmperf eagerfpu pni pclmulqdq dtes64 monitor ds_cpl vmx est tm2 ssse3 cx16 xtpr pdcm pcid sse4_1 sse4_2 popcnt tsc_deadline_timer aes xsave avx f16c rdrand lahf_lm ida arat epb pln pts dtherm tpr_shadow vnmi flexpriority ept vpid fsgsbase smep erms xsaveopt
bugs		:
bogomips	: 6185.80
clflush size	: 64
cache_alignment	: 64
address sizes	: 36 bits physical, 48 bits virtual
power management:



Memory: 4k page, physical 8010652k(123588k free), swap 4090876k(1004k free)

vm_info: Java HotSpot(TM) 64-Bit Server VM (25.121-b13) for linux-amd64 JRE (1.8.0_121-b13), built on Dec 12 2016 16:36:53 by "java_re" with gcc 4.3.0 20080428 (Red Hat 4.3.0-8)

time: Thu May  4 18:29:45 2017
elapsed time: 48 seconds (0d 0h 0m 48s)

