#
# There is insufficient memory for the Java Runtime Environment to continue.
# Native memory allocation (mmap) failed to map 123207680 bytes for committing reserved memory.
# Possible reasons:
#   The system is out of physical RAM or swap space
#   In 32 bit mode, the process size limit was hit
# Possible solutions:
#   Reduce memory load on the system
#   Increase physical memory or swap space
#   Check if swap backing store is full
#   Use 64 bit Java on a 64 bit OS
#   Decrease Java heap size (-Xmx/-Xms)
#   Decrease number of Java threads
#   Decrease Java thread stack sizes (-Xss)
#   Set larger code cache with -XX:ReservedCodeCacheSize=
# This output file may be truncated or incomplete.
#
#  Out of Memory Error (os_linux.cpp:2627), pid=15042, tid=0x00007fd22b2f2700
#
# JRE version: Java(TM) SE Runtime Environment (8.0_121-b13) (build 1.8.0_121-b13)
# Java VM: Java HotSpot(TM) 64-Bit Server VM (25.121-b13 mixed mode linux-amd64 compressed oops)
# Failed to write core dump. Core dumps have been disabled. To enable core dumping, try "ulimit -c unlimited" before starting Java again
#

---------------  T H R E A D  ---------------

Current thread (0x00007fd248078000):  VMThread [stack: 0x00007fd22b1f2000,0x00007fd22b2f3000] [id=15055]

Stack: [0x00007fd22b1f2000,0x00007fd22b2f3000],  sp=0x00007fd22b2f0fe0,  free space=1019k
Native frames: (J=compiled Java code, j=interpreted, Vv=VM code, C=native code)
V  [libjvm.so+0xac703a]  VMError::report_and_die()+0x2ba
V  [libjvm.so+0x4fc7eb]  report_vm_out_of_memory(char const*, int, unsigned long, VMErrorType, char const*)+0x8b
V  [libjvm.so+0x923c43]  os::Linux::commit_memory_impl(char*, unsigned long, bool)+0x103
V  [libjvm.so+0x924199]  os::pd_commit_memory(char*, unsigned long, unsigned long, bool)+0x29
V  [libjvm.so+0x91e4aa]  os::commit_memory(char*, unsigned long, unsigned long, bool)+0x2a
V  [libjvm.so+0x992f03]  PSVirtualSpace::expand_by(unsigned long)+0x53
V  [libjvm.so+0x994308]  PSYoungGen::resize_generation(unsigned long, unsigned long)+0xf8
V  [libjvm.so+0x993462]  PSYoungGen::resize(unsigned long, unsigned long)+0x22
V  [libjvm.so+0x99073b]  PSScavenge::invoke_no_policy()+0xf3b
V  [libjvm.so+0x990ec1]  PSScavenge::invoke()+0x41
V  [libjvm.so+0x947c10]  ParallelScavengeHeap::failed_mem_allocate(unsigned long)+0x70
V  [libjvm.so+0xac8a57]  VM_ParallelGCFailedAllocation::doit()+0x97
V  [libjvm.so+0xad0535]  VM_Operation::evaluate()+0x55
V  [libjvm.so+0xace90a]  VMThread::evaluate_operation(VM_Operation*)+0xba
V  [libjvm.so+0xacec8e]  VMThread::loop()+0x1ce
V  [libjvm.so+0xacf100]  VMThread::run()+0x70
V  [libjvm.so+0x926268]  java_start(Thread*)+0x108

VM_Operation (0x00007fd22a0a1c10): ParallelGCFailedAllocation, mode: safepoint, requested by thread 0x00007fd248191000


---------------  P R O C E S S  ---------------

Java Threads: ( => current thread )
  0x00007fd248194800 JavaThread "pool-2-thread-4" [_thread_blocked, id=15068, stack(0x00007fd229da1000,0x00007fd229ea2000)]
  0x00007fd248193000 JavaThread "pool-2-thread-3" [_thread_blocked, id=15067, stack(0x00007fd229ea2000,0x00007fd229fa3000)]
  0x00007fd248191000 JavaThread "pool-2-thread-2" [_thread_blocked, id=15066, stack(0x00007fd229fa3000,0x00007fd22a0a4000)]
  0x00007fd248190000 JavaThread "pool-3-thread-1" [_thread_blocked, id=15065, stack(0x00007fd22a0a4000,0x00007fd22a1a5000)]
  0x00007fd24818d800 JavaThread "pool-2-thread-1" [_thread_blocked, id=15064, stack(0x00007fd22a1a5000,0x00007fd22a2a6000)]
  0x00007fd2480c8800 JavaThread "Service Thread" daemon [_thread_blocked, id=15062, stack(0x00007fd22a409000,0x00007fd22a50a000)]
  0x00007fd2480bd000 JavaThread "C1 CompilerThread2" daemon [_thread_blocked, id=15061, stack(0x00007fd22a50a000,0x00007fd22a60b000)]
  0x00007fd2480bb800 JavaThread "C2 CompilerThread1" daemon [_thread_blocked, id=15060, stack(0x00007fd22a60b000,0x00007fd22a70c000)]
  0x00007fd2480b8800 JavaThread "C2 CompilerThread0" daemon [_thread_blocked, id=15059, stack(0x00007fd22a70c000,0x00007fd22a80d000)]
  0x00007fd2480b7000 JavaThread "Signal Dispatcher" daemon [_thread_blocked, id=15058, stack(0x00007fd22a80d000,0x00007fd22a90e000)]
  0x00007fd248084000 JavaThread "Finalizer" daemon [_thread_blocked, id=15057, stack(0x00007fd22aff0000,0x00007fd22b0f1000)]
  0x00007fd24807f800 JavaThread "Reference Handler" daemon [_thread_blocked, id=15056, stack(0x00007fd22b0f1000,0x00007fd22b1f2000)]
  0x00007fd24800a000 JavaThread "main" [_thread_blocked, id=15050, stack(0x00007fd25091f000,0x00007fd250a20000)]

Other Threads:
=>0x00007fd248078000 VMThread [stack: 0x00007fd22b1f2000,0x00007fd22b2f3000] [id=15055]
  0x00007fd2480cb000 WatcherThread [stack: 0x00007fd22a308000,0x00007fd22a409000] [id=15063]

VM state:at safepoint (normal execution)

VM Mutex/Monitor currently owned by a thread:  ([mutex/lock_event])
[0x00007fd248006570] Threads_lock - owner thread: 0x00007fd248078000
[0x00007fd248006a70] Heap_lock - owner thread: 0x00007fd248191000

Heap:
 PSYoungGen      total 555008K, used 69257K [0x000000076ab00000, 0x0000000791a80000, 0x00000007c0000000)
  eden space 481280K, 0% used [0x000000076ab00000,0x000000076ab00000,0x0000000788100000)
  from space 73728K, 93% used [0x0000000788100000,0x000000078c4a26a8,0x000000078c900000)
  to   space 65024K, 0% used [0x000000078c900000,0x000000078c900000,0x0000000790880000)
 ParOldGen       total 278016K, used 210061K [0x00000006c0000000, 0x00000006d0f80000, 0x000000076ab00000)
  object space 278016K, 75% used [0x00000006c0000000,0x00000006ccd235e0,0x00000006d0f80000)
 Metaspace       used 6717K, capacity 7320K, committed 7680K, reserved 1056768K
  class space    used 634K, capacity 656K, committed 768K, reserved 1048576K

Card table byte_map: [0x00007fd24ced3000,0x00007fd24d6d4000] byte_map_base: 0x00007fd2498d3000

Marking Bits: (ParMarkBitMap*) 0x00007fd24fdf6c80
 Begin Bits: [0x00007fd231000000, 0x00007fd235000000)
 End Bits:   [0x00007fd235000000, 0x00007fd239000000)

Polling page: 0x00007fd250a40000

CodeCache: size=245760Kb used=11291Kb max_used=11310Kb free=234468Kb
 bounds [0x00007fd239000000, 0x00007fd239b20000, 0x00007fd248000000]
 total_blobs=2738 nmethods=2469 adapters=182
 compilation: enabled

Compilation events (10 events):
Event: 8.920 Thread 0x00007fd2480bd000 2648       2       com.android.dx.cf.code.ByteCatchList::get (9 bytes)
Event: 8.921 Thread 0x00007fd2480bd000 nmethod 2648 0x00007fd239aa5f10 code [0x00007fd239aa6080, 0x00007fd239aa6228]
Event: 8.921 Thread 0x00007fd2480bd000 2645       1       com.android.dx.cf.code.RopperMachine::returns (5 bytes)
Event: 8.921 Thread 0x00007fd2480bd000 nmethod 2645 0x00007fd239aa5c50 code [0x00007fd239aa5da0, 0x00007fd239aa5eb0]
Event: 8.921 Thread 0x00007fd2480bd000 2647       1       com.android.dx.cf.code.Ropper$ExceptionHandlerSetup::getLabel (5 bytes)
Event: 8.921 Thread 0x00007fd2480bd000 nmethod 2647 0x00007fd239aa5990 code [0x00007fd239aa5ae0, 0x00007fd239aa5bf0]
Event: 8.926 Thread 0x00007fd2480bd000 2650 % !   3       com.android.dx.cf.code.Merger::mergeStack @ 35 (192 bytes)
Event: 8.927 Thread 0x00007fd2480bd000 nmethod 2650% 0x00007fd239abff10 code [0x00007fd239ac02c0, 0x00007fd239ac2398]
Event: 8.932 Thread 0x00007fd2480bb800 nmethod 2568 0x00007fd239b107d0 code [0x00007fd239b10a80, 0x00007fd239b127f8]
Event: 8.932 Thread 0x00007fd2480bb800 2649   !   4       com.android.dx.cf.code.Ropper::processBlock (1101 bytes)

GC Heap History (10 events):
Event: 4.538 GC heap after
Heap after GC invocations=10 (full 0):
 PSYoungGen      total 433664K, used 45577K [0x000000076ab00000, 0x0000000789a80000, 0x00000007c0000000)
  eden space 378368K, 0% used [0x000000076ab00000,0x000000076ab00000,0x0000000781c80000)
  from space 55296K, 82% used [0x0000000785880000,0x0000000788502660,0x0000000788e80000)
  to   space 61440K, 0% used [0x0000000781c80000,0x0000000781c80000,0x0000000785880000)
 ParOldGen       total 84992K, used 79848K [0x00000006c0000000, 0x00000006c5300000, 0x000000076ab00000)
  object space 84992K, 93% used [0x00000006c0000000,0x00000006c4dfa220,0x00000006c5300000)
 Metaspace       used 6628K, capacity 7256K, committed 7424K, reserved 1056768K
  class space    used 632K, capacity 656K, committed 768K, reserved 1048576K
}
Event: 4.538 GC heap before
{Heap before GC invocations=11 (full 1):
 PSYoungGen      total 433664K, used 45577K [0x000000076ab00000, 0x0000000789a80000, 0x00000007c0000000)
  eden space 378368K, 0% used [0x000000076ab00000,0x000000076ab00000,0x0000000781c80000)
  from space 55296K, 82% used [0x0000000785880000,0x0000000788502660,0x0000000788e80000)
  to   space 61440K, 0% used [0x0000000781c80000,0x0000000781c80000,0x0000000785880000)
 ParOldGen       total 84992K, used 79848K [0x00000006c0000000, 0x00000006c5300000, 0x000000076ab00000)
  object space 84992K, 93% used [0x00000006c0000000,0x00000006c4dfa220,0x00000006c5300000)
 Metaspace       used 6628K, capacity 7256K, committed 7424K, reserved 1056768K
  class space    used 632K, capacity 656K, committed 768K, reserved 1048576K
Event: 5.106 GC heap after
Heap after GC invocations=11 (full 1):
 PSYoungGen      total 433664K, used 36104K [0x000000076ab00000, 0x0000000789a80000, 0x00000007c0000000)
  eden space 378368K, 0% used [0x000000076ab00000,0x000000076ab00000,0x0000000781c80000)
  from space 55296K, 65% used [0x0000000785880000,0x0000000787bc22c8,0x0000000788e80000)
  to   space 61440K, 0% used [0x0000000781c80000,0x0000000781c80000,0x0000000785880000)
 ParOldGen       total 156672K, used 84685K [0x00000006c0000000, 0x00000006c9900000, 0x000000076ab00000)
  object space 156672K, 54% used [0x00000006c0000000,0x00000006c52b3508,0x00000006c9900000)
 Metaspace       used 6628K, capacity 7256K, committed 7424K, reserved 1056768K
  class space    used 632K, capacity 656K, committed 768K, reserved 1048576K
}
Event: 5.858 GC heap before
{Heap before GC invocations=12 (full 1):
 PSYoungGen      total 433664K, used 414472K [0x000000076ab00000, 0x0000000789a80000, 0x00000007c0000000)
  eden space 378368K, 100% used [0x000000076ab00000,0x0000000781c80000,0x0000000781c80000)
  from space 55296K, 65% used [0x0000000785880000,0x0000000787bc22c8,0x0000000788e80000)
  to   space 61440K, 0% used [0x0000000781c80000,0x0000000781c80000,0x0000000785880000)
 ParOldGen       total 156672K, used 84685K [0x00000006c0000000, 0x00000006c9900000, 0x000000076ab00000)
  object space 156672K, 54% used [0x00000006c0000000,0x00000006c52b3508,0x00000006c9900000)
 Metaspace       used 6691K, capacity 7320K, committed 7680K, reserved 1056768K
  class space    used 634K, capacity 656K, committed 768K, reserved 1048576K
Event: 5.968 GC heap after
Heap after GC invocations=12 (full 1):
 PSYoungGen      total 439808K, used 42817K [0x000000076ab00000, 0x0000000790880000, 0x00000007c0000000)
  eden space 378368K, 0% used [0x000000076ab00000,0x000000076ab00000,0x0000000781c80000)
  from space 61440K, 69% used [0x0000000781c80000,0x0000000784650728,0x0000000785880000)
  to   space 65024K, 0% used [0x000000078c900000,0x000000078c900000,0x0000000790880000)
 ParOldGen       total 156672K, used 119001K [0x00000006c0000000, 0x00000006c9900000, 0x000000076ab00000)
  object space 156672K, 75% used [0x00000006c0000000,0x00000006c7436478,0x00000006c9900000)
 Metaspace       used 6691K, capacity 7320K, committed 7680K, reserved 1056768K
  class space    used 634K, capacity 656K, committed 768K, reserved 1048576K
}
Event: 6.956 GC heap before
{Heap before GC invocations=13 (full 1):
 PSYoungGen      total 439808K, used 421185K [0x000000076ab00000, 0x0000000790880000, 0x00000007c0000000)
  eden space 378368K, 100% used [0x000000076ab00000,0x0000000781c80000,0x0000000781c80000)
  from space 61440K, 69% used [0x0000000781c80000,0x0000000784650728,0x0000000785880000)
  to   space 65024K, 0% used [0x000000078c900000,0x000000078c900000,0x0000000790880000)
 ParOldGen       total 156672K, used 119001K [0x00000006c0000000, 0x00000006c9900000, 0x000000076ab00000)
  object space 156672K, 75% used [0x00000006c0000000,0x00000006c7436478,0x00000006c9900000)
 Metaspace       used 6703K, capacity 7320K, committed 7680K, reserved 1056768K
  class space    used 634K, capacity 656K, committed 768K, reserved 1048576K
Event: 7.087 GC heap after
Heap after GC invocations=13 (full 1):
 PSYoungGen      total 546304K, used 58448K [0x000000076ab00000, 0x0000000791a80000, 0x00000007c0000000)
  eden space 481280K, 0% used [0x000000076ab00000,0x000000076ab00000,0x0000000788100000)
  from space 65024K, 89% used [0x000000078c900000,0x00000007902140e0,0x0000000790880000)
  to   space 73728K, 0% used [0x0000000788100000,0x0000000788100000,0x000000078c900000)
 ParOldGen       total 160256K, used 158290K [0x00000006c0000000, 0x00000006c9c80000, 0x000000076ab00000)
  object space 160256K, 98% used [0x00000006c0000000,0x00000006c9a94b08,0x00000006c9c80000)
 Metaspace       used 6703K, capacity 7320K, committed 7680K, reserved 1056768K
  class space    used 634K, capacity 656K, committed 768K, reserved 1048576K
}
Event: 7.087 GC heap before
{Heap before GC invocations=14 (full 2):
 PSYoungGen      total 546304K, used 58448K [0x000000076ab00000, 0x0000000791a80000, 0x00000007c0000000)
  eden space 481280K, 0% used [0x000000076ab00000,0x000000076ab00000,0x0000000788100000)
  from space 65024K, 89% used [0x000000078c900000,0x00000007902140e0,0x0000000790880000)
  to   space 73728K, 0% used [0x0000000788100000,0x0000000788100000,0x000000078c900000)
 ParOldGen       total 160256K, used 158290K [0x00000006c0000000, 0x00000006c9c80000, 0x000000076ab00000)
  object space 160256K, 98% used [0x00000006c0000000,0x00000006c9a94b08,0x00000006c9c80000)
 Metaspace       used 6703K, capacity 7320K, committed 7680K, reserved 1056768K
  class space    used 634K, capacity 656K, committed 768K, reserved 1048576K
Event: 7.728 GC heap after
Heap after GC invocations=14 (full 2):
 PSYoungGen      total 546304K, used 53016K [0x000000076ab00000, 0x0000000791a80000, 0x00000007c0000000)
  eden space 481280K, 0% used [0x000000076ab00000,0x000000076ab00000,0x0000000788100000)
  from space 65024K, 81% used [0x000000078c900000,0x000000078fcc6108,0x0000000790880000)
  to   space 73728K, 0% used [0x0000000788100000,0x0000000788100000,0x000000078c900000)
 ParOldGen       total 278016K, used 159881K [0x00000006c0000000, 0x00000006d0f80000, 0x000000076ab00000)
  object space 278016K, 57% used [0x00000006c0000000,0x00000006c9c22560,0x00000006d0f80000)
 Metaspace       used 6703K, capacity 7320K, committed 7680K, reserved 1056768K
  class space    used 634K, capacity 656K, committed 768K, reserved 1048576K
}
Event: 8.958 GC heap before
{Heap before GC invocations=15 (full 2):
 PSYoungGen      total 546304K, used 534296K [0x000000076ab00000, 0x0000000791a80000, 0x00000007c0000000)
  eden space 481280K, 100% used [0x000000076ab00000,0x0000000788100000,0x0000000788100000)
  from space 65024K, 81% used [0x000000078c900000,0x000000078fcc6108,0x0000000790880000)
  to   space 73728K, 0% used [0x0000000788100000,0x0000000788100000,0x000000078c900000)
 ParOldGen       total 278016K, used 159881K [0x00000006c0000000, 0x00000006d0f80000, 0x000000076ab00000)
  object space 278016K, 57% used [0x00000006c0000000,0x00000006c9c22560,0x00000006d0f80000)
 Metaspace       used 6717K, capacity 7320K, committed 7680K, reserved 1056768K
  class space    used 634K, capacity 656K, committed 768K, reserved 1048576K

Deoptimization events (10 events):
Event: 8.249 Thread 0x00007fd248191000 Uncommon trap: reason=class_check action=maybe_recompile pc=0x00007fd239a32f38 method=com.android.dx.ssa.SCCP.simulateBranch(Lcom/android/dx/ssa/SsaInsn;)V @ 145
Event: 8.422 Thread 0x00007fd248194800 Uncommon trap: reason=class_check action=maybe_recompile pc=0x00007fd239a32f38 method=com.android.dx.ssa.SCCP.simulateBranch(Lcom/android/dx/ssa/SsaInsn;)V @ 145
Event: 8.456 Thread 0x00007fd248193000 Uncommon trap: reason=class_check action=maybe_recompile pc=0x00007fd239a32f38 method=com.android.dx.ssa.SCCP.simulateBranch(Lcom/android/dx/ssa/SsaInsn;)V @ 145
Event: 8.472 Thread 0x00007fd24818d800 Uncommon trap: reason=class_check action=maybe_recompile pc=0x00007fd239a32f38 method=com.android.dx.ssa.SCCP.simulateBranch(Lcom/android/dx/ssa/SsaInsn;)V @ 145
Event: 8.850 Thread 0x00007fd248193000 Uncommon trap: reason=unstable_if action=reinterpret pc=0x00007fd239adc780 method=java.util.BitSet.clone()Ljava/lang/Object; @ 4
Event: 8.858 Thread 0x00007fd248193000 Uncommon trap: reason=unstable_if action=reinterpret pc=0x00007fd239ac46e4 method=java.util.BitSet.clone()Ljava/lang/Object; @ 4
Event: 8.901 Thread 0x00007fd248191000 Uncommon trap: reason=class_check action=maybe_recompile pc=0x00007fd239a68cc0 method=com.android.dx.cf.code.Ropper.processBlock(Lcom/android/dx/cf/code/ByteBlock;Lcom/android/dx/cf/code/Frame;[I)V @ 711
Event: 8.902 Thread 0x00007fd248191000 Uncommon trap: reason=class_check action=maybe_recompile pc=0x00007fd239a68cc0 method=com.android.dx.cf.code.Ropper.processBlock(Lcom/android/dx/cf/code/ByteBlock;Lcom/android/dx/cf/code/Frame;[I)V @ 711
Event: 8.902 Thread 0x00007fd248191000 Uncommon trap: reason=class_check action=maybe_recompile pc=0x00007fd239a68cc0 method=com.android.dx.cf.code.Ropper.processBlock(Lcom/android/dx/cf/code/ByteBlock;Lcom/android/dx/cf/code/Frame;[I)V @ 711
Event: 8.902 Thread 0x00007fd248191000 Uncommon trap: reason=class_check action=maybe_recompile pc=0x00007fd239a68cc0 method=com.android.dx.cf.code.Ropper.processBlock(Lcom/android/dx/cf/code/ByteBlock;Lcom/android/dx/cf/code/Frame;[I)V @ 711

Internal exceptions (7 events):
Event: 0.267 Thread 0x00007fd24800a000 Exception <a 'java/lang/NoSuchMethodError': Method sun.misc.Unsafe.defineClass(Ljava/lang/String;[BII)Ljava/lang/Class; name or signature does not match> (0x000000076ab07ca8) thrown at [/HUDSON3/workspace/8-2-build-linux-amd64/jdk8u121/8372/hotspot/src/sh
Event: 0.267 Thread 0x00007fd24800a000 Exception <a 'java/lang/NoSuchMethodError': Method sun.misc.Unsafe.prefetchRead(Ljava/lang/Object;J)V name or signature does not match> (0x000000076ab07f90) thrown at [/HUDSON3/workspace/8-2-build-linux-amd64/jdk8u121/8372/hotspot/src/share/vm/prims/jni.c
Event: 1.963 Thread 0x00007fd248193000 Implicit null exception at 0x00007fd2392f68b7 to 0x00007fd2392f9149
Event: 2.029 Thread 0x00007fd24800a000 Implicit null exception at 0x00007fd23933d5ce to 0x00007fd239340781
Event: 3.131 Thread 0x00007fd248194800 Exception <a 'java/lang/ArrayIndexOutOfBoundsException': 18> (0x000000076ab95258) thrown at [/HUDSON3/workspace/8-2-build-linux-amd64/jdk8u121/8372/hotspot/src/share/vm/interpreter/interpreterRuntime.cpp, line 366]
Event: 3.315 Thread 0x00007fd24818d800 Exception <a 'java/lang/ArrayIndexOutOfBoundsException': 145> (0x000000077161af80) thrown at [/HUDSON3/workspace/8-2-build-linux-amd64/jdk8u121/8372/hotspot/src/share/vm/interpreter/interpreterRuntime.cpp, line 366]
Event: 3.316 Thread 0x00007fd24818d800 Exception <a 'java/lang/ArrayIndexOutOfBoundsException'> (0x000000077161c268) thrown at [/HUDSON3/workspace/8-2-build-linux-amd64/jdk8u121/8372/hotspot/src/share/vm/runtime/sharedRuntime.cpp, line 605]

Events (10 events):
Event: 8.902 Thread 0x00007fd248191000 Uncommon trap: trap_request=0xffffffde fr.pc=0x00007fd239a68cc0
Event: 8.902 Thread 0x00007fd248191000 DEOPT PACKING pc=0x00007fd239a68cc0 sp=0x00007fd22a0a1e40
Event: 8.902 Thread 0x00007fd248191000 DEOPT UNPACKING pc=0x00007fd239005229 sp=0x00007fd22a0a1e50 mode 2
Event: 8.902 Thread 0x00007fd248191000 Uncommon trap: trap_request=0xffffffde fr.pc=0x00007fd239a68cc0
Event: 8.902 Thread 0x00007fd248191000 DEOPT PACKING pc=0x00007fd239a68cc0 sp=0x00007fd22a0a1e40
Event: 8.902 Thread 0x00007fd248191000 DEOPT UNPACKING pc=0x00007fd239005229 sp=0x00007fd22a0a1e50 mode 2
Event: 8.902 Thread 0x00007fd248191000 Uncommon trap: trap_request=0xffffffde fr.pc=0x00007fd239a68cc0
Event: 8.902 Thread 0x00007fd248191000 DEOPT PACKING pc=0x00007fd239a68cc0 sp=0x00007fd22a0a1e40
Event: 8.902 Thread 0x00007fd248191000 DEOPT UNPACKING pc=0x00007fd239005229 sp=0x00007fd22a0a1e50 mode 2
Event: 8.955 Executing VM operation: ParallelGCFailedAllocation


Dynamic libraries:
00400000-00401000 r-xp 00000000 08:01 17982852                           /usr/lib/jvm/java-8-oracle/bin/java
00600000-00601000 rw-p 00000000 08:01 17982852                           /usr/lib/jvm/java-8-oracle/bin/java
016c9000-016ea000 rw-p 00000000 00:00 0                                  [heap]
6c0000000-6d0f80000 rw-p 00000000 00:00 0 
6d0f80000-76ab00000 ---p 00000000 00:00 0 
76ab00000-791a80000 rw-p 00000000 00:00 0 
799000000-7c0000000 ---p 00000000 00:00 0 
7c0000000-7c00c0000 rw-p 00000000 00:00 0 
7c00c0000-800000000 ---p 00000000 00:00 0 
7fd1dc000000-7fd1dc021000 rw-p 00000000 00:00 0 
7fd1dc021000-7fd1e0000000 ---p 00000000 00:00 0 
7fd1e4000000-7fd1e402e000 rw-p 00000000 00:00 0 
7fd1e402e000-7fd1e8000000 ---p 00000000 00:00 0 
7fd1e8000000-7fd1e8021000 rw-p 00000000 00:00 0 
7fd1e8021000-7fd1ec000000 ---p 00000000 00:00 0 
7fd1ec000000-7fd1ec02a000 rw-p 00000000 00:00 0 
7fd1ec02a000-7fd1f0000000 ---p 00000000 00:00 0 
7fd1f0000000-7fd1f0021000 rw-p 00000000 00:00 0 
7fd1f0021000-7fd1f4000000 ---p 00000000 00:00 0 
7fd1f4000000-7fd1f4021000 rw-p 00000000 00:00 0 
7fd1f4021000-7fd1f8000000 ---p 00000000 00:00 0 
7fd1f8000000-7fd1f8021000 rw-p 00000000 00:00 0 
7fd1f8021000-7fd1fc000000 ---p 00000000 00:00 0 
7fd1fc000000-7fd1fd099000 rw-p 00000000 00:00 0 
7fd1fd099000-7fd200000000 ---p 00000000 00:00 0 
7fd200000000-7fd200ab4000 rw-p 00000000 00:00 0 
7fd200ab4000-7fd204000000 ---p 00000000 00:00 0 
7fd204000000-7fd204021000 rw-p 00000000 00:00 0 
7fd204021000-7fd208000000 ---p 00000000 00:00 0 
7fd208000000-7fd2092ca000 rw-p 00000000 00:00 0 
7fd2092ca000-7fd20c000000 ---p 00000000 00:00 0 
7fd20c000000-7fd20c021000 rw-p 00000000 00:00 0 
7fd20c021000-7fd210000000 ---p 00000000 00:00 0 
7fd210000000-7fd210021000 rw-p 00000000 00:00 0 
7fd210021000-7fd214000000 ---p 00000000 00:00 0 
7fd214000000-7fd214021000 rw-p 00000000 00:00 0 
7fd214021000-7fd218000000 ---p 00000000 00:00 0 
7fd218000000-7fd218297000 rw-p 00000000 00:00 0 
7fd218297000-7fd21c000000 ---p 00000000 00:00 0 
7fd21c000000-7fd21c021000 rw-p 00000000 00:00 0 
7fd21c021000-7fd220000000 ---p 00000000 00:00 0 
7fd224000000-7fd224021000 rw-p 00000000 00:00 0 
7fd224021000-7fd228000000 ---p 00000000 00:00 0 
7fd229da1000-7fd229da4000 ---p 00000000 00:00 0 
7fd229da4000-7fd229ea2000 rw-p 00000000 00:00 0 
7fd229ea2000-7fd229ea5000 ---p 00000000 00:00 0 
7fd229ea5000-7fd229fa3000 rw-p 00000000 00:00 0 
7fd229fa3000-7fd229fa6000 ---p 00000000 00:00 0 
7fd229fa6000-7fd22a0a4000 rw-p 00000000 00:00 0 
7fd22a0a4000-7fd22a0a7000 ---p 00000000 00:00 0 
7fd22a0a7000-7fd22a1a5000 rw-p 00000000 00:00 0 
7fd22a1a5000-7fd22a1a8000 ---p 00000000 00:00 0 
7fd22a1a8000-7fd22a2a6000 rw-p 00000000 00:00 0 
7fd22a2a6000-7fd22a308000 r--s 004da000 08:01 6431387                    /home/cbe-teclwsp-012/SVN_TRISTAR/tristar/build/intermediates/transforms/jarMerging/debug/jars/1/1f/combined.jar
7fd22a308000-7fd22a309000 ---p 00000000 00:00 0 
7fd22a309000-7fd22a409000 rw-p 00000000 00:00 0 
7fd22a409000-7fd22a40c000 ---p 00000000 00:00 0 
7fd22a40c000-7fd22a50a000 rw-p 00000000 00:00 0 
7fd22a50a000-7fd22a50d000 ---p 00000000 00:00 0 
7fd22a50d000-7fd22a60b000 rw-p 00000000 00:00 0 
7fd22a60b000-7fd22a60e000 ---p 00000000 00:00 0 
7fd22a60e000-7fd22a70c000 rw-p 00000000 00:00 0 
7fd22a70c000-7fd22a70f000 ---p 00000000 00:00 0 
7fd22a70f000-7fd22a80d000 rw-p 00000000 00:00 0 
7fd22a80d000-7fd22a810000 ---p 00000000 00:00 0 
7fd22a810000-7fd22a90e000 rw-p 00000000 00:00 0 
7fd22a90e000-7fd22aff0000 r--p 00000000 08:01 17963560                   /usr/lib/locale/locale-archive
7fd22aff0000-7fd22aff3000 ---p 00000000 00:00 0 
7fd22aff3000-7fd22b0f1000 rw-p 00000000 00:00 0 
7fd22b0f1000-7fd22b0f4000 ---p 00000000 00:00 0 
7fd22b0f4000-7fd22b1f2000 rw-p 00000000 00:00 0 
7fd22b1f2000-7fd22b1f3000 ---p 00000000 00:00 0 
7fd22b1f3000-7fd22c000000 rw-p 00000000 00:00 0 
7fd22c000000-7fd22c023000 rw-p 00000000 00:00 0 
7fd22c023000-7fd230000000 ---p 00000000 00:00 0 
7fd230000000-7fd2306c0000 rw-p 00000000 00:00 0 
7fd2306c0000-7fd230800000 ---p 00000000 00:00 0 
7fd230800000-7fd239000000 rw-p 00000000 00:00 0 
7fd239000000-7fd239b20000 rwxp 00000000 00:00 0 
7fd239b20000-7fd248000000 ---p 00000000 00:00 0 
7fd248000000-7fd2483b3000 rw-p 00000000 00:00 0 
7fd2483b3000-7fd24c000000 ---p 00000000 00:00 0 
7fd24c034000-7fd24c32a000 rw-p 00000000 00:00 0 
7fd24c32a000-7fd24c503000 r--s 03d3e000 08:01 17981979                   /usr/lib/jvm/java-8-oracle/jre/lib/rt.jar
7fd24c503000-7fd24c579000 rw-p 00000000 00:00 0 
7fd24c579000-7fd24c57a000 ---p 00000000 00:00 0 
7fd24c57a000-7fd24c67a000 rw-p 00000000 00:00 0 
7fd24c67a000-7fd24c67b000 ---p 00000000 00:00 0 
7fd24c67b000-7fd24c77b000 rw-p 00000000 00:00 0 
7fd24c77b000-7fd24c77c000 ---p 00000000 00:00 0 
7fd24c77c000-7fd24c87c000 rw-p 00000000 00:00 0 
7fd24c87c000-7fd24c87d000 ---p 00000000 00:00 0 
7fd24c87d000-7fd24ca05000 rw-p 00000000 00:00 0 
7fd24ca05000-7fd24ced3000 ---p 00000000 00:00 0 
7fd24ced3000-7fd24cf5b000 rw-p 00000000 00:00 0 
7fd24cf5b000-7fd24d428000 ---p 00000000 00:00 0 
7fd24d428000-7fd24d561000 rw-p 00000000 00:00 0 
7fd24d561000-7fd24d6d3000 ---p 00000000 00:00 0 
7fd24d6d3000-7fd24d701000 rw-p 00000000 00:00 0 
7fd24d701000-7fd24da94000 ---p 00000000 00:00 0 
7fd24da94000-7fd24daae000 r-xp 00000000 08:01 17982124                   /usr/lib/jvm/java-8-oracle/jre/lib/amd64/libzip.so
7fd24daae000-7fd24dcae000 ---p 0001a000 08:01 17982124                   /usr/lib/jvm/java-8-oracle/jre/lib/amd64/libzip.so
7fd24dcae000-7fd24dcaf000 rw-p 0001a000 08:01 17982124                   /usr/lib/jvm/java-8-oracle/jre/lib/amd64/libzip.so
7fd24dcaf000-7fd24dcb9000 r-xp 00000000 08:01 21495911                   /lib/x86_64-linux-gnu/libnss_files-2.19.so
7fd24dcb9000-7fd24deb8000 ---p 0000a000 08:01 21495911                   /lib/x86_64-linux-gnu/libnss_files-2.19.so
7fd24deb8000-7fd24deb9000 r--p 00009000 08:01 21495911                   /lib/x86_64-linux-gnu/libnss_files-2.19.so
7fd24deb9000-7fd24deba000 rw-p 0000a000 08:01 21495911                   /lib/x86_64-linux-gnu/libnss_files-2.19.so
7fd24deba000-7fd24dec5000 r-xp 00000000 08:01 21495903                   /lib/x86_64-linux-gnu/libnss_nis-2.19.so
7fd24dec5000-7fd24e0c4000 ---p 0000b000 08:01 21495903                   /lib/x86_64-linux-gnu/libnss_nis-2.19.so
7fd24e0c4000-7fd24e0c5000 r--p 0000a000 08:01 21495903                   /lib/x86_64-linux-gnu/libnss_nis-2.19.so
7fd24e0c5000-7fd24e0c6000 rw-p 0000b000 08:01 21495903                   /lib/x86_64-linux-gnu/libnss_nis-2.19.so
7fd24e0c6000-7fd24e0dd000 r-xp 00000000 08:01 21495899                   /lib/x86_64-linux-gnu/libnsl-2.19.so
7fd24e0dd000-7fd24e2dc000 ---p 00017000 08:01 21495899                   /lib/x86_64-linux-gnu/libnsl-2.19.so
7fd24e2dc000-7fd24e2dd000 r--p 00016000 08:01 21495899                   /lib/x86_64-linux-gnu/libnsl-2.19.so
7fd24e2dd000-7fd24e2de000 rw-p 00017000 08:01 21495899                   /lib/x86_64-linux-gnu/libnsl-2.19.so
7fd24e2de000-7fd24e2e0000 rw-p 00000000 00:00 0 
7fd24e2e0000-7fd24e2e9000 r-xp 00000000 08:01 21495898                   /lib/x86_64-linux-gnu/libnss_compat-2.19.so
7fd24e2e9000-7fd24e4e8000 ---p 00009000 08:01 21495898                   /lib/x86_64-linux-gnu/libnss_compat-2.19.so
7fd24e4e8000-7fd24e4e9000 r--p 00008000 08:01 21495898                   /lib/x86_64-linux-gnu/libnss_compat-2.19.so
7fd24e4e9000-7fd24e4ea000 rw-p 00009000 08:01 21495898                   /lib/x86_64-linux-gnu/libnss_compat-2.19.so
7fd24e4ea000-7fd24e515000 r-xp 00000000 08:01 17982153                   /usr/lib/jvm/java-8-oracle/jre/lib/amd64/libjava.so
7fd24e515000-7fd24e714000 ---p 0002b000 08:01 17982153                   /usr/lib/jvm/java-8-oracle/jre/lib/amd64/libjava.so
7fd24e714000-7fd24e716000 rw-p 0002a000 08:01 17982153                   /usr/lib/jvm/java-8-oracle/jre/lib/amd64/libjava.so
7fd24e716000-7fd24e723000 r-xp 00000000 08:01 17982156                   /usr/lib/jvm/java-8-oracle/jre/lib/amd64/libverify.so
7fd24e723000-7fd24e922000 ---p 0000d000 08:01 17982156                   /usr/lib/jvm/java-8-oracle/jre/lib/amd64/libverify.so
7fd24e922000-7fd24e924000 rw-p 0000c000 08:01 17982156                   /usr/lib/jvm/java-8-oracle/jre/lib/amd64/libverify.so
7fd24e924000-7fd24e92b000 r-xp 00000000 08:01 21495907                   /lib/x86_64-linux-gnu/librt-2.19.so
7fd24e92b000-7fd24eb2a000 ---p 00007000 08:01 21495907                   /lib/x86_64-linux-gnu/librt-2.19.so
7fd24eb2a000-7fd24eb2b000 r--p 00006000 08:01 21495907                   /lib/x86_64-linux-gnu/librt-2.19.so
7fd24eb2b000-7fd24eb2c000 rw-p 00007000 08:01 21495907                   /lib/x86_64-linux-gnu/librt-2.19.so
7fd24eb2c000-7fd24ec31000 r-xp 00000000 08:01 21495827                   /lib/x86_64-linux-gnu/libm-2.19.so
7fd24ec31000-7fd24ee30000 ---p 00105000 08:01 21495827                   /lib/x86_64-linux-gnu/libm-2.19.so
7fd24ee30000-7fd24ee31000 r--p 00104000 08:01 21495827                   /lib/x86_64-linux-gnu/libm-2.19.so
7fd24ee31000-7fd24ee32000 rw-p 00105000 08:01 21495827                   /lib/x86_64-linux-gnu/libm-2.19.so
7fd24ee32000-7fd24fb00000 r-xp 00000000 08:01 17982146                   /usr/lib/jvm/java-8-oracle/jre/lib/amd64/server/libjvm.so
7fd24fb00000-7fd24fd00000 ---p 00cce000 08:01 17982146                   /usr/lib/jvm/java-8-oracle/jre/lib/amd64/server/libjvm.so
7fd24fd00000-7fd24fdd9000 rw-p 00cce000 08:01 17982146                   /usr/lib/jvm/java-8-oracle/jre/lib/amd64/server/libjvm.so
7fd24fdd9000-7fd24fe24000 rw-p 00000000 00:00 0 
7fd24fe24000-7fd24ffde000 r-xp 00000000 08:01 21495908                   /lib/x86_64-linux-gnu/libc-2.19.so
7fd24ffde000-7fd2501de000 ---p 001ba000 08:01 21495908                   /lib/x86_64-linux-gnu/libc-2.19.so
7fd2501de000-7fd2501e2000 r--p 001ba000 08:01 21495908                   /lib/x86_64-linux-gnu/libc-2.19.so
7fd2501e2000-7fd2501e4000 rw-p 001be000 08:01 21495908                   /lib/x86_64-linux-gnu/libc-2.19.so
7fd2501e4000-7fd2501e9000 rw-p 00000000 00:00 0 
7fd2501e9000-7fd2501ec000 r-xp 00000000 08:01 21495837                   /lib/x86_64-linux-gnu/libdl-2.19.so
7fd2501ec000-7fd2503eb000 ---p 00003000 08:01 21495837                   /lib/x86_64-linux-gnu/libdl-2.19.so
7fd2503eb000-7fd2503ec000 r--p 00002000 08:01 21495837                   /lib/x86_64-linux-gnu/libdl-2.19.so
7fd2503ec000-7fd2503ed000 rw-p 00003000 08:01 21495837                   /lib/x86_64-linux-gnu/libdl-2.19.so
7fd2503ed000-7fd250402000 r-xp 00000000 08:01 17982667                   /usr/lib/jvm/java-8-oracle/lib/amd64/jli/libjli.so
7fd250402000-7fd250602000 ---p 00015000 08:01 17982667                   /usr/lib/jvm/java-8-oracle/lib/amd64/jli/libjli.so
7fd250602000-7fd250603000 rw-p 00015000 08:01 17982667                   /usr/lib/jvm/java-8-oracle/lib/amd64/jli/libjli.so
7fd250603000-7fd25061c000 r-xp 00000000 08:01 21495900                   /lib/x86_64-linux-gnu/libpthread-2.19.so
7fd25061c000-7fd25081b000 ---p 00019000 08:01 21495900                   /lib/x86_64-linux-gnu/libpthread-2.19.so
7fd25081b000-7fd25081c000 r--p 00018000 08:01 21495900                   /lib/x86_64-linux-gnu/libpthread-2.19.so
7fd25081c000-7fd25081d000 rw-p 00019000 08:01 21495900                   /lib/x86_64-linux-gnu/libpthread-2.19.so
7fd25081d000-7fd250821000 rw-p 00000000 00:00 0 
7fd250821000-7fd250844000 r-xp 00000000 08:01 21495901                   /lib/x86_64-linux-gnu/ld-2.19.so
7fd25084c000-7fd25091f000 rw-p 00000000 00:00 0 
7fd25091f000-7fd250922000 ---p 00000000 00:00 0 
7fd250922000-7fd250a24000 rw-p 00000000 00:00 0 
7fd250a27000-7fd250a28000 rw-p 00000000 00:00 0 
7fd250a28000-7fd250a37000 r--s 000df000 08:01 11405461                   /home/cbe-teclwsp-012/Android/Sdk/build-tools/23.0.3/lib/dx.jar
7fd250a37000-7fd250a3f000 rw-s 00000000 08:01 24650456                   /tmp/hsperfdata_cbe-teclwsp-012/15042
7fd250a3f000-7fd250a40000 rw-p 00000000 00:00 0 
7fd250a40000-7fd250a41000 ---p 00000000 00:00 0 
7fd250a41000-7fd250a43000 rw-p 00000000 00:00 0 
7fd250a43000-7fd250a44000 r--p 00022000 08:01 21495901                   /lib/x86_64-linux-gnu/ld-2.19.so
7fd250a44000-7fd250a45000 rw-p 00023000 08:01 21495901                   /lib/x86_64-linux-gnu/ld-2.19.so
7fd250a45000-7fd250a46000 rw-p 00000000 00:00 0 
7ffd73ab8000-7ffd73ad9000 rw-p 00000000 00:00 0                          [stack]
7ffd73bab000-7ffd73bad000 r--p 00000000 00:00 0                          [vvar]
7ffd73bad000-7ffd73baf000 r-xp 00000000 00:00 0                          [vdso]
ffffffffff600000-ffffffffff601000 r-xp 00000000 00:00 0                  [vsyscall]

VM Arguments:
jvm_args: -Djava.awt.headless=true -Xmx4g -Dfile.encoding=UTF-8 -Duser.country=IN -Duser.language=en -Duser.variant 
java_command: com.android.dx.command.Main --dex --num-threads=4 --multi-dex --main-dex-list /home/cbe-teclwsp-012/SVN_TRISTAR/tristar/build/intermediates/multi-dex/debug/maindexlist.txt --output /home/cbe-teclwsp-012/SVN_TRISTAR/tristar/build/intermediates/transforms/dex/debug/folders/1000/1f/main /home/cbe-teclwsp-012/SVN_TRISTAR/tristar/build/intermediates/transforms/jarMerging/debug/jars/1/1f/combined.jar
java_class_path (initial): /home/cbe-teclwsp-012/Android/Sdk/build-tools/23.0.3/lib/dx.jar
Launcher Type: SUN_STANDARD

Environment Variables:
JAVA_HOME=/usr/lib/jvm/java-8-oracle
PATH=/usr/local/sbin:/usr/local/bin:/usr/sbin:/usr/bin:/sbin:/bin:/usr/games:/usr/local/games:/usr/lib/jvm/java-8-oracle/bin:/usr/lib/jvm/java-8-oracle/db/bin:/usr/lib/jvm/java-8-oracle/jre/bin
LD_LIBRARY_PATH=/opt/android-studio/bin:
SHELL=/bin/bash
DISPLAY=:0

Signal Handlers:
SIGSEGV: [libjvm.so+0xac78c0], sa_mask[0]=11111111011111111101111111111110, sa_flags=SA_RESTART|SA_SIGINFO
SIGBUS: [libjvm.so+0xac78c0], sa_mask[0]=11111111011111111101111111111110, sa_flags=SA_RESTART|SA_SIGINFO
SIGFPE: [libjvm.so+0x920ac0], sa_mask[0]=11111111011111111101111111111110, sa_flags=SA_RESTART|SA_SIGINFO
SIGPIPE: [libjvm.so+0x920ac0], sa_mask[0]=11111111011111111101111111111110, sa_flags=SA_RESTART|SA_SIGINFO
SIGXFSZ: [libjvm.so+0x920ac0], sa_mask[0]=11111111011111111101111111111110, sa_flags=SA_RESTART|SA_SIGINFO
SIGILL: [libjvm.so+0x920ac0], sa_mask[0]=11111111011111111101111111111110, sa_flags=SA_RESTART|SA_SIGINFO
SIGUSR1: SIG_DFL, sa_mask[0]=00000000000000000000000000000000, sa_flags=none
SIGUSR2: [libjvm.so+0x922300], sa_mask[0]=00100000000000000000000000000000, sa_flags=SA_RESTART|SA_SIGINFO
SIGHUP: [libjvm.so+0x923700], sa_mask[0]=11111111011111111101111111111110, sa_flags=SA_RESTART|SA_SIGINFO
SIGINT: [libjvm.so+0x923700], sa_mask[0]=11111111011111111101111111111110, sa_flags=SA_RESTART|SA_SIGINFO
SIGTERM: [libjvm.so+0x923700], sa_mask[0]=11111111011111111101111111111110, sa_flags=SA_RESTART|SA_SIGINFO
SIGQUIT: [libjvm.so+0x923700], sa_mask[0]=11111111011111111101111111111110, sa_flags=SA_RESTART|SA_SIGINFO


---------------  S Y S T E M  ---------------

OS:DISTRIB_ID=Ubuntu
DISTRIB_RELEASE=14.04
DISTRIB_CODENAME=trusty
DISTRIB_DESCRIPTION="Ubuntu 14.04.5 LTS"

uname:Linux 4.2.0-42-generic #49~14.04.1-Ubuntu SMP Wed Jun 29 20:22:11 UTC 2016 x86_64
libc:glibc 2.19 NPTL 2.19 
rlimit: STACK 8192k, CORE 0k, NPROC 31205, NOFILE 4096, AS infinity
load average:2.67 2.37 1.86

/proc/meminfo:
MemTotal:        8010652 kB
MemFree:          135368 kB
MemAvailable:      95116 kB
Buffers:            1168 kB
Cached:          1142256 kB
SwapCached:        12760 kB
Active:          6325332 kB
Inactive:        1353692 kB
Active(anon):    6311564 kB
Inactive(anon):  1339208 kB
Active(file):      13768 kB
Inactive(file):    14484 kB
Unevictable:          32 kB
Mlocked:              32 kB
SwapTotal:       4090876 kB
SwapFree:              0 kB
Dirty:               708 kB
Writeback:             0 kB
AnonPages:       6523076 kB
Mapped:           670716 kB
Shmem:           1115096 kB
Slab:              97272 kB
SReclaimable:      60168 kB
SUnreclaim:        37104 kB
KernelStack:       10160 kB
PageTables:        47316 kB
NFS_Unstable:          0 kB
Bounce:                0 kB
WritebackTmp:          0 kB
CommitLimit:     8096200 kB
Committed_AS:   14427280 kB
VmallocTotal:   34359738367 kB
VmallocUsed:      359188 kB
VmallocChunk:   34358947836 kB
HardwareCorrupted:     0 kB
AnonHugePages:   3899392 kB
CmaTotal:              0 kB
CmaFree:               0 kB
HugePages_Total:       0
HugePages_Free:        0
HugePages_Rsvd:        0
HugePages_Surp:        0
Hugepagesize:       2048 kB
DirectMap4k:      133872 kB
DirectMap2M:     8087552 kB


CPU:total 4 (4 cores per cpu, 1 threads per core) family 6 model 58 stepping 9, cmov, cx8, fxsr, mmx, sse, sse2, sse3, ssse3, sse4.1, sse4.2, popcnt, avx, aes, clmul, erms, tsc, tscinvbit, tscinv

/proc/cpuinfo:
processor	: 0
vendor_id	: GenuineIntel
cpu family	: 6
model		: 58
model name	: Intel(R) Core(TM) i5-3450 CPU @ 3.10GHz
stepping	: 9
microcode	: 0x15
cpu MHz		: 1849.101
cache size	: 6144 KB
physical id	: 0
siblings	: 4
core id		: 0
cpu cores	: 4
apicid		: 0
initial apicid	: 0
fpu		: yes
fpu_exception	: yes
cpuid level	: 13
wp		: yes
flags		: fpu vme de pse tsc msr pae mce cx8 apic sep mtrr pge mca cmov pat pse36 clflush dts acpi mmx fxsr sse sse2 ss ht tm pbe syscall nx rdtscp lm constant_tsc arch_perfmon pebs bts rep_good nopl xtopology nonstop_tsc aperfmperf eagerfpu pni pclmulqdq dtes64 monitor ds_cpl vmx est tm2 ssse3 cx16 xtpr pdcm pcid sse4_1 sse4_2 popcnt tsc_deadline_timer aes xsave avx f16c rdrand lahf_lm ida arat epb pln pts dtherm tpr_shadow vnmi flexpriority ept vpid fsgsbase smep erms xsaveopt
bugs		:
bogomips	: 6185.80
clflush size	: 64
cache_alignment	: 64
address sizes	: 36 bits physical, 48 bits virtual
power management:

processor	: 1
vendor_id	: GenuineIntel
cpu family	: 6
model		: 58
model name	: Intel(R) Core(TM) i5-3450 CPU @ 3.10GHz
stepping	: 9
microcode	: 0x15
cpu MHz		: 2067.554
cache size	: 6144 KB
physical id	: 0
siblings	: 4
core id		: 1
cpu cores	: 4
apicid		: 2
initial apicid	: 2
fpu		: yes
fpu_exception	: yes
cpuid level	: 13
wp		: yes
flags		: fpu vme de pse tsc msr pae mce cx8 apic sep mtrr pge mca cmov pat pse36 clflush dts acpi mmx fxsr sse sse2 ss ht tm pbe syscall nx rdtscp lm constant_tsc arch_perfmon pebs bts rep_good nopl xtopology nonstop_tsc aperfmperf eagerfpu pni pclmulqdq dtes64 monitor ds_cpl vmx est tm2 ssse3 cx16 xtpr pdcm pcid sse4_1 sse4_2 popcnt tsc_deadline_timer aes xsave avx f16c rdrand lahf_lm ida arat epb pln pts dtherm tpr_shadow vnmi flexpriority ept vpid fsgsbase smep erms xsaveopt
bugs		:
bogomips	: 6185.80
clflush size	: 64
cache_alignment	: 64
address sizes	: 36 bits physical, 48 bits virtual
power management:

processor	: 2
vendor_id	: GenuineIntel
cpu family	: 6
model		: 58
model name	: Intel(R) Core(TM) i5-3450 CPU @ 3.10GHz
stepping	: 9
microcode	: 0x15
cpu MHz		: 1894.027
cache size	: 6144 KB
physical id	: 0
siblings	: 4
core id		: 2
cpu cores	: 4
apicid		: 4
initial apicid	: 4
fpu		: yes
fpu_exception	: yes
cpuid level	: 13
wp		: yes
flags		: fpu vme de pse tsc msr pae mce cx8 apic sep mtrr pge mca cmov pat pse36 clflush dts acpi mmx fxsr sse sse2 ss ht tm pbe syscall nx rdtscp lm constant_tsc arch_perfmon pebs bts rep_good nopl xtopology nonstop_tsc aperfmperf eagerfpu pni pclmulqdq dtes64 monitor ds_cpl vmx est tm2 ssse3 cx16 xtpr pdcm pcid sse4_1 sse4_2 popcnt tsc_deadline_timer aes xsave avx f16c rdrand lahf_lm ida arat epb pln pts dtherm tpr_shadow vnmi flexpriority ept vpid fsgsbase smep erms xsaveopt
bugs		:
bogomips	: 6185.80
clflush size	: 64
cache_alignment	: 64
address sizes	: 36 bits physical, 48 bits virtual
power management:

processor	: 3
vendor_id	: GenuineIntel
cpu family	: 6
model		: 58
model name	: Intel(R) Core(TM) i5-3450 CPU @ 3.10GHz
stepping	: 9
microcode	: 0x15
cpu MHz		: 1614.058
cache size	: 6144 KB
physical id	: 0
siblings	: 4
core id		: 3
cpu cores	: 4
apicid		: 6
initial apicid	: 6
fpu		: yes
fpu_exception	: yes
cpuid level	: 13
wp		: yes
flags		: fpu vme de pse tsc msr pae mce cx8 apic sep mtrr pge mca cmov pat pse36 clflush dts acpi mmx fxsr sse sse2 ss ht tm pbe syscall nx rdtscp lm constant_tsc arch_perfmon pebs bts rep_good nopl xtopology nonstop_tsc aperfmperf eagerfpu pni pclmulqdq dtes64 monitor ds_cpl vmx est tm2 ssse3 cx16 xtpr pdcm pcid sse4_1 sse4_2 popcnt tsc_deadline_timer aes xsave avx f16c rdrand lahf_lm ida arat epb pln pts dtherm tpr_shadow vnmi flexpriority ept vpid fsgsbase smep erms xsaveopt
bugs		:
bogomips	: 6185.80
clflush size	: 64
cache_alignment	: 64
address sizes	: 36 bits physical, 48 bits virtual
power management:



Memory: 4k page, physical 8010652k(135864k free), swap 4090876k(0k free)

vm_info: Java HotSpot(TM) 64-Bit Server VM (25.121-b13) for linux-amd64 JRE (1.8.0_121-b13), built on Dec 12 2016 16:36:53 by "java_re" with gcc 4.3.0 20080428 (Red Hat 4.3.0-8)

time: Thu May  4 19:10:47 2017
elapsed time: 13 seconds (0d 0h 0m 13s)

